117
55 10
84 5
47 75
64 98
0 16
36 41
31 65
89 81
90 58
6 78
53 52
68 43
92 44
13 22
29 71
73 1
41 35
63 91
7 21
60 5
42 20
4 43
92 19
4 64
12 95
60 24
42 89
27 6
19 50
74 58
78 27
80 97
68 84
76 62
18 32
20 54
48 96
96 35
96 16
48 14
38 46
21 27
32 76
38 26
73 32
8 88
17 73
14 13
66 81
97 49
71 64
82 54
46 39
63 33
16 87
56 86
36 69
12 53
13 62
70 93
95 99
3 2
98 1
32 10
91 65
51 61
66 19
97 79
33 92
1 34
2 48
56 64
80 7
26 91
30 2
4 98
98 30
81 33
77 72
95 93
55 28
81 3
94 78
27 56
89 19
54 69
50 8
75 16
22 37
66 38
24 23
19 97
82 44
90 2
6 75
36 86
19 68
57 65
52 37
36 61
34 20
75 82
56 92
83 47
11 36
42 78
48 33
42 49
20 82
32 39
80 68
84 27
34 53
25 13
19 57
25 75
84 58
