111
4 88
32 8
37 78
36 41
39 99
85 92
60 5
72 24
86 23
95 54
77 8
61 63
20 32
5 37
16 98
45 30
37 55
21 3
13 84
72 63
57 26
7 97
28 6
26 38
78 34
56 86
3 14
79 48
21 62
52 43
47 13
99 76
3 55
71 95
20 77
26 90
96 44
13 24
40 72
55 1
88 59
19 51
6 4
71 47
50 89
88 9
28 22
6 78
71 31
32 40
82 66
65 93
53 67
34 78
51 6
81 25
53 8
70 78
93 40
95 7
3 62
57 43
95 22
34 55
85 73
43 28
95 90
2 48
78 3
44 98
21 67
56 57
12 0
92 2
4 21
62 19
18 17
31 92
55 40
70 2
61 72
11 43
57 86
22 65
33 15
44 65
26 2
96 68
74 54
49 27
10 35
10 78
84 41
33 85
32 38
12 50
67 20
34 52
63 44
41 12
14 10
81 19
66 42
17 60
47 86
35 70
13 32
59 55
41 45
60 12
24 74
