196
92 68
55 21
76 33
57 43
47 75
35 19
77 64
72 79
35 64
83 51
42 98
98 81
7 82
14 20
92 27
28 96
15 49
98 48
92 99
41 48
56 99
21 83
25 7
90 7
28 36
76 5
56 4
72 98
13 35
21 67
69 20
63 59
13 97
7 5
44 34
4 63
42 5
57 85
49 60
84 87
36 84
96 97
96 65
29 22
70 94
98 25
61 8
8 34
98 7
8 98
99 44
5 48
23 8
6 79
47 33
61 44
51 19
63 67
84 21
77 49
29 50
73 35
21 66
9 20
51 82
75 78
21 51
42 93
40 62
82 5
22 99
99 79
22 35
47 5
28 81
5 68
93 41
75 98
63 61
91 63
55 47
36 48
98 22
65 22
79 19
47 97
33 79
16 5
89 92
7 16
77 71
72 5
84 45
12 82
37 34
49 68
7 53
41 20
61 99
37 5
60 84
26 65
62 28
97 13
21 21
90 83
98 58
9 93
37 99
79 55
8 30
14 53
63 46
75 93
30 79
88 35
54 13
48 50
57 65
83 79
83 15
68 28
16 68
44 78
99 72
36 16
98 93
65 79
23 92
44 30
34 44
85 35
23 28
35 67
84 54
12 79
72 63
69 14
7 44
99 34
43 55
37 93
56 91
69 43
21 11
58 29
93 21
27 29
51 30
79 82
93 57
16 65
86 97
59 70
48 54
94 77
26 43
40 12
82 30
14 17
70 49
75 12
42 68
44 83
61 14
82 69
92 49
27 93
61 89
92 12
42 41
84 89
20 42
47 16
69 83
12 89
22 57
29 12
78 29
70 58
12 30
64 36
28 54
58 75
86 65
28 70
33 30
47 93
54 33
77 44
53 56
12 44
22 79
36 54
49 40
72 68
