108
82 33
11 12
9 36
90 63
2 83
40 85
90 95
22 55
75 47
25 20
47 62
0 23
34 43
13 56
92 31
12 1
84 69
15 65
4 31
22 9
85 40
51 1
37 99
66 75
81 84
60 13
53 92
55 45
83 14
46 34
62 28
26 87
65 57
99 76
81 99
24 26
1 58
67 83
37 58
4 90
90 48
70 41
44 79
3 74
46 12
75 62
7 89
80 76
56 65
72 8
3 51
60 23
5 4
88 19
28 96
76 29
52 38
32 36
76 90
93 87
49 89
5 66
10 80
45 66
81 28
92 2
36 2
28 73
64 98
77 1
40 19
17 99
29 6
94 58
27 57
17 38
58 1
0 1
74 15
58 72
72 97
19 81
3 20
3 43
69 49
79 61
22 3
30 29
40 63
54 30
61 55
23 42
54 10
7 52
51 86
23 66
92 81
74 43
48 26
74 76
30 9
80 59
61 37
15 89
85 90
8 60
60 44
79 53
