108
34 79
1 66
26 35
10 45
44 93
52 47
41 79
48 18
63 89
3 86
12 29
21 61
40 61
98 55
56 5
89 3
26 25
19 68
70 90
31 41
52 89
31 31
87 64
69 76
68 59
63 18
85 19
88 40
16 8
69 45
97 92
96 78
2 4
17 84
64 59
78 93
61 25
8 51
89 34
47 40
5 70
70 5
82 69
81 53
31 87
78 30
53 38
50 10
63 77
44 54
40 22
31 63
79 83
19 51
55 53
17 32
89 70
46 87
45 72
41 38
58 20
22 42
23 99
39 0
24 5
74 31
83 98
75 9
2 84
29 99
26 20
62 0
89 11
66 74
94 87
7 25
18 13
75 99
96 60
48 2
60 75
30 49
74 38
45 64
36 15
32 80
71 13
0 72
47 24
17 62
66 62
50 39
73 48
9 35
85 84
11 81
34 83
13 27
30 21
88 72
74 74
63 48
76 54
57 29
58 14
56 46
73 67
25 27
