196
6 78
56 30
89 27
92 79
34 91
98 58
82 65
12 5
26 15
48 68
33 55
6 27
61 91
98 97
84 42
65 68
7 54
48 51
56 9
28 31
73 7
35 74
66 42
79 97
92 9
21 81
20 99
37 5
20 61
48 85
75 22
16 41
41 19
75 79
43 37
99 42
4 98
49 99
72 55
7 7
98 27
20 19
76 83
35 95
54 12
78 5
4 70
4 49
7 92
99 83
93 99
55 51
33 71
68 40
98 11
72 21
40 5
63 95
98 60
34 49
84 47
6 22
61 76
20 43
84 67
20 79
50 65
26 6
38 21
82 97
97 8
29 33
69 37
6 63
65 61
50 33
22 58
92 82
89 23
99 37
5 84
31 70
45 84
11 21
64 8
67 98
96 77
32 35
82 6
12 35
30 98
54 34
79 69
15 99
49 53
63 23
21 5
98 52
84 37
51 14
78 51
73 84
59 77
25 84
44 99
83 21
84 94
30 51
16 57
93 55
8 35
64 58
7 11
98 92
97 23
45 63
58 97
98 69
42 25
79 65
24 14
44 78
47 6
30 54
31 91
16 78
70 28
11 49
56 20
14 94
17 63
41 41
63 46
78 13
83 83
49 93
62 82
27 20
24 35
30 77
47 79
6 40
50 30
84 31
78 54
13 26
67 63
61 15
79 93
93 12
48 44
36 64
69 79
91 45
94 63
40 13
64 37
56 73
58 93
14 82
36 27
39 56
79 36
58 54
12 12
72 12
27 40
12 68
93 93
19 93
93 49
43 93
34 13
44 48
75 26
86 13
93 68
84 79
42 70
19 49
28 65
94 35
69 47
21 25
82 58
68 93
37 41
61 27
34 86
55 82
57 62
71 69
48 21
79 40
19 72
59 42
