114
93 93
45 26
28 64
27 94
53 7
37 45
15 52
49 89
89 10
31 13
97 13
48 50
16 95
25 24
58 91
40 19
31 53
70 22
74 93
96 66
71 43
2 67
61 77
72 57
0 83
31 78
96 37
0 41
75 75
72 6
47 70
79 91
78 42
23 9
92 69
83 16
58 4
25 78
12 19
17 47
56 24
41 89
23 32
66 29
94 59
53 97
35 61
33 3
51 0
45 58
45 15
65 95
88 57
17 86
57 82
22 14
38 81
50 27
34 22
25 53
26 88
0 7
2 98
91 29
15 1
74 0
97 44
0 52
7 25
99 80
64 45
12 72
37 39
74 59
92 98
11 99
99 23
38 0
93 6
85 77
30 99
1 87
5 11
94 29
63 55
90 91
38 98
55 72
11 61
77 24
62 39
69 79
20 0
90 50
23 39
42 44
3 48
26 73
50 8
86 47
59 31
11 80
46 41
83 15
81 88
33 66
15 63
37 14
67 92
34 95
83 6
17 74
54 21
11 87
