112
49 17
47 74
79 56
74 28
10 40
98 56
25 67
62 3
44 38
32 96
5 58
60 37
87 42
48 93
81 13
6 14
24 75
26 95
75 52
20 46
48 64
70 2
69 16
85 29
0 49
14 74
16 59
36 86
86 71
70 83
64 65
87 98
7 90
32 12
97 86
36 55
59 83
10 25
29 39
13 5
51 57
24 18
43 23
42 4
68 41
90 57
5 43
11 81
70 70
61 28
15 41
36 65
43 82
40 98
36 24
9 66
20 82
78 67
69 10
49 35
68 30
36 76
95 16
65 99
82 91
99 72
85 3
52 50
4 0
99 22
2 84
37 7
18 23
34 41
87 40
83 76
67 85
3 29
52 15
59 55
23 93
91 10
88 32
31 62
81 0
21 8
10 60
23 32
85 75
6 76
46 42
81 57
76 18
66 48
29 45
94 63
59 6
67 79
84 80
45 57
44 74
10 14
43 90
83 43
89 24
26 53
88 87
41 13
84 51
57 44
77 32
85 62
