103
59 6
77 48
68 68
42 42
72 75
8 4
97 27
58 91
83 63
27 43
47 81
95 97
34 90
56 22
25 0
11 53
34 58
48 61
20 31
65 57
54 83
38 77
81 93
35 17
15 88
13 70
73 1
92 46
86 18
64 37
70 20
79 40
26 6
56 97
50 26
4 6
29 98
78 79
98 33
24 74
51 0
10 30
4 76
56 43
17 98
33 41
8 15
31 26
71 53
68 6
88 32
23 85
79 65
64 25
61 69
50 94
64 10
61 77
79 27
16 8
78 72
56 13
50 76
64 16
97 82
98 10
3 96
97 65
3 37
3 52
49 57
50 30
97 43
96 87
72 90
28 67
24 29
91 13
32 2
95 60
42 60
8 85
12 39
50 46
82 34
48 97
17 69
29 89
26 43
33 75
78 18
86 78
63 51
88 54
69 34
42 74
82 85
70 84
88 39
76 21
71 44
74 62
56 89
