116
50 70
26 69
50 41
33 87
50 63
45 1
65 66
54 14
16 46
72 49
61 82
9 72
79 31
90 57
25 60
82 38
10 56
14 2
89 15
94 95
31 33
13 24
18 94
99 41
65 36
76 99
38 15
60 1
32 47
74 12
92 71
84 84
3 94
58 53
63 89
1 51
36 81
36 1
28 25
90 4
19 41
5 73
75 25
67 73
54 89
92 42
9 94
30 97
31 65
63 16
45 66
28 83
28 30
56 35
50 7
15 76
34 79
53 58
55 27
41 77
3 36
0 3
99 26
75 4
20 11
1 32
2 18
46 45
14 26
41 21
28 5
2 58
81 78
76 95
92 23
95 65
37 52
76 45
13 9
23 97
99 46
94 12
67 82
1 81
44 25
45 39
6 4
21 45
81 53
16 59
19 83
85 69
65 23
85 29
67 8
84 92
31 55
3 66
47 84
49 25
5 13
73 39
12 91
83 24
81 9
7 50
28 69
26 34
46 15
44 59
87 38
36 44
23 75
34 27
71 31
27 41
