117
28 95
25 3
83 0
28 77
67 42
48 13
23 62
46 58
60 85
4 69
78 25
31 18
44 39
83 64
93 21
27 44
65 18
42 66
24 58
73 37
10 3
95 56
49 94
77 80
65 67
3 27
95 79
56 30
6 98
17 20
73 95
3 83
10 55
94 43
44 76
24 36
44 2
17 79
76 51
52 45
62 9
20 93
96 49
83 87
35 88
51 21
82 20
70 56
31 50
50 78
8 61
15 47
77 71
73 20
7 75
85 71
76 11
61 42
16 53
75 65
97 96
96 7
15 19
98 27
40 33
59 65
1 7
30 3
99 74
10 40
35 19
5 93
42 96
88 98
60 81
79 34
95 28
16 5
3 61
56 64
34 74
11 23
52 3
45 44
98 35
19 90
83 93
35 27
92 58
59 24
33 99
35 80
80 66
67 10
67 88
96 70
37 25
87 14
63 57
6 91
84 46
26 8
43 9
14 26
55 56
87 82
24 42
43 81
63 32
33 66
24 92
4 16
81 78
29 50
62 50
53 37
80 56
