98
3 3
16 29
62 34
42 74
19 55
35 20
12 91
48 88
78 74
64 70
96 49
51 97
35 98
29 36
77 90
69 10
45 34
80 50
52 61
50 20
17 17
61 80
33 42
14 35
71 39
83 61
74 82
85 29
29 83
36 58
97 94
88 64
89 99
48 47
63 12
10 57
61 29
36 18
17 84
85 45
26 95
62 63
47 83
33 51
79 44
65 85
81 67
66 32
32 27
19 48
45 40
42 92
91 49
59 24
40 50
23 33
38 86
9 71
99 24
85 11
96 80
2 1
66 53
32 6
97 66
65 99
99 34
46 8
5 50
83 11
80 98
23 76
36 69
5 88
65 48
84 22
17 59
79 88
10 42
19 94
56 70
59 85
57 19
72 18
17 26
87 76
99 59
42 17
80 31
80 60
46 58
25 47
63 43
72 66
72 92
73 25
50 26
86 50
