111
23 50
84 73
18 29
63 20
97 28
82 8
45 93
68 76
36 67
51 37
40 11
4 58
86 88
15 94
95 60
45 55
63 3
14 68
37 31
9 74
29 76
50 22
7 51
15 79
15 57
78 26
63 57
51 76
66 98
3 30
22 4
6 8
30 98
64 43
82 41
97 4
5 94
20 21
64 28
70 0
95 47
84 56
24 42
74 96
93 12
79 0
41 95
50 46
64 69
22 81
88 63
41 18
8 88
29 62
28 28
74 14
14 34
88 4
14 52
39 3
0 1
59 91
93 85
98 33
0 74
49 61
72 81
25 7
59 98
11 10
79 34
98 66
55 17
21 97
44 81
70 61
95 97
0 49
17 19
0 64
43 77
63 84
59 10
50 31
99 61
44 7
80 19
84 58
53 60
72 31
24 92
26 14
93 5
46 95
81 77
14 71
29 34
22 56
88 47
39 63
55 69
11 27
11 42
68 10
10 88
78 63
25 76
52 93
55 15
72 16
34 14
