109
29 89
4 72
1 92
43 9
61 77
97 2
24 41
89 66
95 20
52 37
79 25
58 94
94 46
79 93
61 50
17 62
6 22
22 8
15 94
93 29
82 13
32 9
2 2
64 19
59 2
37 33
98 90
79 49
36 50
47 23
46 87
3 68
92 85
49 73
20 48
86 62
86 99
29 97
71 68
28 23
28 83
80 35
98 70
58 42
65 90
8 96
13 4
13 52
62 64
57 13
51 88
90 15
54 6
55 27
49 52
33 32
56 72
83 90
73 24
35 23
39 83
0 42
33 57
0 25
18 73
48 59
14 20
6 38
38 9
72 51
97 38
8 5
20 39
66 99
33 75
70 65
99 98
99 76
1 97
72 10
15 99
66 36
99 27
86 3
90 60
72 86
51 29
17 58
97 13
49 0
6 17
33 93
10 72
66 5
39 58
85 58
48 42
55 90
29 21
66 72
48 14
25 89
16 44
30 50
81 63
53 67
63 9
43 18
15 63
