114
11 9
71 29
17 83
79 50
86 77
36 62
95 13
57 30
24 26
98 92
53 55
68 64
66 1
7 69
66 81
77 19
42 72
2 10
88 89
11 45
30 97
95 49
42 40
44 4
99 70
28 74
86 31
46 19
58 79
56 45
35 44
13 51
35 90
54 62
78 15
81 91
29 58
17 3
2 70
93 64
78 64
92 13
10 22
67 30
88 39
72 5
68 44
18 67
19 93
0 46
80 82
65 73
62 22
4 60
29 38
21 72
43 55
62 51
78 40
2 96
48 98
33 13
58 94
48 4
77 99
82 1
23 1
42 77
99 48
8 83
27 19
2 22
7 38
95 33
23 36
82 55
96 5
97 63
97 87
65 8
40 0
23 53
0 56
67 93
12 85
50 14
39 92
54 37
95 92
92 19
32 17
0 18
97 78
36 59
23 28
19 48
61 89
34 76
54 69
98 53
57 53
13 12
79 26
15 31
82 6
64 17
19 58
51 89
54 7
44 47
89 60
63 36
86 81
15 56
