105
96 78
46 77
62 31
93 92
78 46
52 31
32 74
92 5
50 51
27 10
67 10
24 52
7 49
17 87
77 94
52 10
70 70
96 19
94 24
7 87
85 74
66 25
21 42
97 2
80 12
43 66
95 10
89 17
2 68
60 98
33 29
11 4
80 28
98 98
82 57
25 87
33 23
62 65
64 80
65 1
50 85
25 60
42 9
25 2
94 33
5 54
16 98
71 53
49 42
89 72
5 76
90 47
27 16
97 84
76 62
59 71
75 36
34 67
87 98
55 67
81 68
1 33
6 18
17 27
30 93
2 95
18 67
36 48
44 91
64 48
47 4
50 23
19 73
96 38
20 37
79 83
90 56
7 11
38 43
10 55
3 83
55 47
70 10
43 85
7 46
48 62
23 12
67 34
55 16
44 38
28 77
31 58
99 28
29 26
38 9
21 52
93 84
86 7
56 5
21 81
82 49
85 26
33 44
58 37
39 57
