105
49 94
15 79
54 24
10 94
33 89
62 81
40 45
58 43
65 57
4 63
59 9
51 60
95 4
78 42
47 1
89 25
26 98
46 25
38 78
47 92
60 48
16 69
39 58
27 85
77 11
27 37
33 8
2 28
4 0
82 80
23 51
69 99
83 64
98 36
43 39
87 89
28 2
3 52
2 8
41 73
61 2
38 23
75 22
17 38
60 28
95 71
95 21
1 91
11 10
89 41
29 17
61 87
23 63
63 12
35 39
0 18
84 72
49 19
16 93
87 35
33 81
66 37
49 45
57 16
94 55
0 77
80 58
81 0
1 33
83 97
14 20
5 47
24 22
18 53
80 4
73 40
31 63
57 82
69 94
97 62
18 6
42 6
12 39
55 0
19 77
5 91
72 80
13 24
68 26
34 53
39 68
90 57
25 94
40 21
59 42
9 50
26 12
68 7
40 30
8 33
25 29
41 88
43 15
60 20
49 9
