111
17 32
51 55
38 76
89 64
60 28
42 53
38 0
96 32
97 15
74 7
42 92
80 96
14 71
2 28
21 53
46 33
31 78
70 33
50 68
88 37
25 36
13 24
68 55
74 73
14 9
57 11
57 90
93 80
28 97
97 98
10 97
0 14
35 14
71 16
67 89
83 90
5 78
13 56
97 57
37 28
31 43
34 66
8 39
45 77
97 41
36 96
88 79
26 86
94 20
6 65
64 19
66 82
59 59
91 97
11 15
16 47
31 58
41 62
87 0
3 0
82 50
58 1
41 14
51 40
0 95
26 17
19 86
99 1
74 35
2 98
59 74
96 63
47 39
74 51
84 9
53 90
52 4
78 66
31 3
51 25
6 57
98 27
26 63
12 80
78 26
36 28
60 95
54 54
83 40
96 47
35 49
86 94
20 22
36 3
82 70
39 91
56 20
54 76
32 34
68 11
28 72
47 41
83 62
3 87
22 58
91 28
19 80
70 28
29 20
38 82
45 62
