106
11 11
5 5
17 14
58 60
42 62
84 85
78 88
3 17
21 71
31 84
91 5
77 68
45 33
30 37
11 88
92 19
41 4
89 70
31 98
34 56
95 77
75 9
53 86
59 5
77 36
18 53
69 50
14 33
92 45
57 41
7 74
55 15
44 75
81 58
72 36
38 21
2 0
72 94
85 20
95 53
17 91
2 22
27 70
39 39
21 24
92 90
11 99
53 33
97 67
23 38
66 56
32 12
3 86
20 60
18 19
68 11
76 76
20 84
86 11
71 87
79 64
47 42
4 49
21 0
52 97
23 0
5 59
99 4
66 27
5 44
37 97
53 78
61 98
99 60
58 59
98 88
81 99
64 0
41 25
0 30
84 44
58 27
21 46
21 98
73 30
21 68
49 12
70 76
7 63
80 54
19 46
59 23
36 45
24 22
3 8
63 47
10 80
22 54
63 19
15 38
78 91
7 54
88 76
32 34
5 8
16 5
