107
53 55
8 27
5 64
81 20
69 6
97 41
58 19
62 84
24 76
84 58
5 7
36 38
23 7
13 93
88 84
36 92
61 59
3 10
95 78
32 43
48 27
74 65
83 3
9 41
68 44
40 73
46 7
4 82
97 1
90 22
61 76
38 13
18 47
54 35
1 47
38 97
93 47
18 23
72 30
78 86
31 56
41 66
60 4
40 44
3 71
4 21
78 30
90 74
27 91
16 4
60 70
74 5
66 17
88 6
30 96
13 44
31 78
81 66
52 51
95 10
73 15
64 28
47 37
97 96
24 61
3 96
98 64
78 94
72 50
39 8
41 24
7 65
89 40
47 77
23 1
0 82
0 52
32 39
25 70
20 96
86 23
2 35
23 54
93 58
37 2
71 79
12 84
9 60
95 33
48 22
68 60
55 70
16 33
60 9
80 38
80 72
4 89
34 64
33 87
30 3
9 35
16 54
64 75
36 50
87 12
16 61
80 10
