116
63 85
37 19
96 12
24 30
97 39
80 43
67 62
83 92
64 44
31 46
33 91
57 21
89 58
5 59
93 82
71 65
83 14
32 10
71 42
22 39
37 28
66 75
37 61
8 14
13 74
14 93
27 73
73 3
54 3
19 60
3 29
72 25
42 80
96 99
16 5
52 46
96 30
7 78
87 68
34 4
57 72
77 86
29 97
95 53
59 97
18 20
65 25
87 23
6 90
4 23
36 66
21 46
4 68
26 5
26 50
10 27
65 33
27 60
1 1
99 69
68 10
50 42
96 7
47 83
0 92
39 33
99 77
42 58
72 61
40 2
53 10
72 5
1 6
28 83
88 96
5 37
81 28
81 46
13 99
97 1
58 57
95 45
62 78
99 92
98 21
11 58
1 84
49 20
43 63
46 46
98 59
21 80
37 85
85 85
36 38
40 66
95 73
50 34
81 61
58 5
11 48
93 38
26 16
78 12
73 75
93 15
39 9
17 30
75 57
79 37
56 36
92 92
73 20
37 50
81 55
87 33
