111
27 51
84 42
51 44
65 65
98 37
85 82
93 96
71 91
5 29
22 12
4 47
52 71
27 68
37 97
34 20
20 36
73 14
49 22
24 83
79 97
37 43
7 53
58 83
75 77
30 91
70 96
86 90
67 43
11 89
59 6
91 62
87 11
11 60
96 73
52 50
73 61
16 8
6 19
38 59
43 77
71 36
23 48
57 15
23 28
61 69
28 71
47 36
33 38
25 20
64 13
62 92
13 54
46 53
33 77
53 61
37 50
1 4
86 26
35 6
8 74
91 56
45 7
76 55
0 90
69 28
48 93
4 36
2 12
48 0
25 65
51 28
5 98
29 1
96 93
80 12
2 67
67 1
82 45
89 76
56 98
14 75
89 60
68 46
10 34
38 12
2 83
7 22
60 48
66 88
77 23
20 45
62 32
44 63
81 81
35 18
34 89
60 75
77 60
47 14
29 83
67 18
7 38
23 52
76 67
39 42
17 61
60 55
34 66
82 90
25 38
30 46
