110
51 52
57 92
12 54
25 42
5 3
96 40
55 47
79 84
98 64
72 6
59 66
56 26
98 83
32 69
48 38
61 86
93 73
41 49
16 21
26 10
20 79
29 96
72 31
1 81
94 26
89 11
76 63
32 23
82 41
4 53
78 0
19 57
11 29
38 74
15 78
60 17
20 7
36 52
41 91
78 27
62 42
40 12
64 72
77 79
87 59
93 79
83 17
34 4
47 25
63 78
89 87
10 63
71 91
9 81
37 87
55 59
22 89
22 51
68 26
86 28
99 1
90 99
31 38
99 49
30 24
57 12
76 98
76 45
2 24
29 67
49 96
55 9
81 60
16 25
21 96
4 44
2 87
19 0
98 15
41 7
70 59
22 43
93 31
63 3
7 14
94 8
37 66
46 22
35 99
95 54
96 93
33 30
60 81
64 33
99 76
9 43
46 39
75 17
79 71
26 82
43 59
14 14
66 64
26 57
94 68
82 31
70 23
26 28
58 38
32 48
