113
23 65
63 22
92 11
9 31
3 47
46 54
20 79
92 45
66 65
46 34
69 82
2 91
88 66
59 68
83 52
71 19
30 66
47 48
85 10
16 85
33 75
26 42
58 8
90 96
39 13
84 27
65 41
20 4
35 97
12 17
32 29
38 81
32 50
17 31
69 57
95 0
66 5
35 3
45 63
18 48
60 81
78 43
57 27
79 23
33 43
19 57
56 44
28 92
24 29
47 4
72 71
90 6
65 24
78 36
68 10
19 72
25 47
53 97
67 96
97 79
3 68
6 3
83 83
98 93
95 36
2 82
94 64
99 18
97 50
3 6
50 91
15 14
70 91
7 49
41 28
51 69
17 94
31 14
98 83
4 77
80 0
8 63
76 54
44 78
48 15
27 5
61 49
92 69
8 45
76 85
93 20
55 65
10 24
38 91
38 31
33 60
54 34
77 14
10 90
57 23
65 85
47 69
91 44
39 50
14 58
34 19
28 60
70 48
75 28
10 69
61 70
89 13
14 50
