107
61 78
67 10
65 49
52 22
83 42
28 76
91 91
12 74
18 30
96 59
22 62
69 24
7 43
42 89
88 13
2 18
87 28
82 58
75 37
6 84
51 75
98 84
34 71
39 27
58 67
14 25
95 21
76 10
80 18
3 59
75 95
40 11
17 94
49 41
75 71
92 74
39 47
24 38
9 8
34 91
96 51
62 47
29 21
56 90
16 66
11 96
81 94
75 55
63 32
92 10
7 79
48 52
68 74
28 69
57 73
87 90
37 80
28 29
66 66
98 37
61 96
61 11
0 32
23 11
31 98
40 12
4 57
31 51
10 42
84 73
48 89
54 27
34 53
98 65
24 15
84 36
97 90
25 92
96 28
67 83
44 37
9 18
79 99
51 21
5 75
82 50
42 95
64 38
72 24
33 77
6 48
55 56
76 80
15 82
90 60
32 61
31 39
80 50
74 18
43 18
81 32
45 81
55 39
65 69
81 85
58 26
76 49
