116
22 12
49 32
88 2
61 89
84 59
58 15
2 46
9 31
78 83
29 93
33 67
4 91
92 95
64 74
16 36
51 81
13 9
54 10
69 15
67 94
53 91
88 41
23 50
95 73
11 74
33 27
94 28
37 47
66 34
41 64
25 97
32 79
48 27
5 55
83 3
80 44
60 66
89 56
67 4
47 96
74 22
32 13
10 3
70 77
59 37
2 38
98 64
10 86
16 18
92 84
24 33
96 3
17 3
42 92
73 96
56 83
84 49
43 20
51 50
44 0
1 23
57 52
24 65
98 43
90 17
1 75
89 99
35 4
57 68
97 78
33 51
3 69
74 47
21 96
0 52
20 59
7 97
2 7
99 50
45 35
50 77
62 60
77 90
26 77
73 73
19 19
40 62
2 89
3 29
37 86
82 7
57 6
62 30
58 98
11 41
89 64
48 46
51 13
26 65
43 70
28 18
55 61
14 51
87 91
76 11
30 96
47 36
70 80
56 95
8 15
57 23
16 27
27 91
11 42
93 50
64 80
