102
12 80
73 55
83 9
32 83
64 86
86 65
16 14
96 32
32 48
19 90
48 16
40 95
16 36
79 33
59 7
50 82
52 48
33 69
28 11
53 27
95 44
3 31
95 59
22 38
33 35
81 90
99 83
57 67
16 65
2 45
86 18
76 50
46 96
68 16
70 36
38 27
39 61
84 1
38 4
14 3
22 97
69 76
11 88
66 6
62 58
39 54
23 64
82 37
52 7
8 23
94 4
76 84
78 54
41 76
44 23
31 56
2 70
1 48
98 26
8 99
88 93
85 70
71 69
69 22
99 49
50 39
24 16
52 68
91 79
2 24
8 53
46 81
59 52
10 9
82 15
26 82
94 28
23 2
4 27
22 68
60 82
25 21
36 40
61 37
23 52
18 94
47 63
88 58
16 71
98 35
65 14
85 79
80 39
85 20
31 17
6 43
67 51
40 68
92 13
53 57
75 65
69 43
