113
51 19
75 26
18 16
84 39
55 4
97 85
69 9
68 41
8 5
48 87
3 38
25 36
43 35
56 63
33 91
78 74
61 28
55 14
96 23
86 57
12 69
34 16
97 4
96 99
39 75
31 62
94 70
71 56
80 91
19 92
2 84
7 47
1 6
20 84
94 55
57 88
62 68
77 2
35 96
56 50
95 9
17 67
16 22
82 20
77 43
93 80
41 13
69 3
83 46
86 87
79 65
29 81
12 40
12 8
29 21
58 37
89 12
23 70
79 55
40 24
3 99
25 2
42 53
0 53
74 99
26 54
3 29
97 33
47 0
6 85
57 99
56 82
51 65
12 99
47 38
30 35
4 55
67 26
70 72
23 39
29 98
6 21
93 63
93 29
16 1
41 67
6 53
65 51
79 83
16 75
55 23
93 47
24 22
41 82
2 94
20 57
76 18
37 44
62 8
92 77
47 4
8 32
33 70
15 4
47 26
91 47
63 11
68 32
25 78
19 15
87 71
72 18
62 19
