89
5 23
17 70
53 60
18 57
67 90
32 82
88 93
35 55
27 28
33 95
7 14
3 34
60 94
11 56
57 66
26 89
15 16
2 82
36 41
12 96
33 62
52 76
36 78
4 48
77 95
40 49
29 96
9 69
24 38
61 84
23 67
25 50
17 30
16 46
71 74
46 98
38 69
5 90
83 89
46 81
50 53
19 24
9 76
16 90
38 98
3 44
62 74
10 61
46 56
75 86
57 90
24 76
10 37
12 20
40 85
32 70
48 63
27 65
2 9
94 98
3 97
0 63
66 67
31 35
0 29
68 99
85 99
17 99
0 76
17 38
1 14
11 94
50 84
17 81
70 96
11 51
55 76
26 42
27 56
43 92
23 94
6 30
12 85
67 79
54 69
31 72
16 62
36 71
16 67
