106
70 3
72 79
20 8
53 72
72 31
84 8
67 95
44 72
62 72
13 90
73 58
31 56
39 1
52 48
95 42
37 95
28 29
75 21
63 29
15 30
97 23
4 44
87 55
2 10
84 69
96 78
5 65
45 20
3 28
9 86
74 38
61 97
62 7
23 14
9 71
38 86
23 96
89 84
65 57
52 39
2 60
98 50
55 21
30 19
79 73
44 63
85 38
58 82
81 13
58 57
16 78
12 13
56 32
36 63
48 90
17 94
7 23
68 68
50 84
19 48
36 41
2 99
89 92
37 4
53 7
94 27
75 93
38 41
56 1
46 22
45 99
93 64
0 80
16 57
25 0
32 78
82 54
1 24
29 97
68 5
30 23
9 41
25 43
10 7
68 46
1 85
40 37
72 29
46 5
48 67
88 78
64 91
82 50
67 11
49 48
86 28
80 88
22 15
62 68
73 60
11 23
46 34
43 13
54 80
66 37
58 65
