110
57 84
38 5
67 52
13 22
28 96
17 48
11 76
34 60
25 30
43 96
62 8
71 96
93 55
81 85
53 56
91 97
31 82
44 90
9 58
81 59
15 73
69 79
51 96
91 14
85 0
39 44
96 72
23 8
72 18
77 38
94 34
54 29
67 67
11 87
29 16
12 44
96 82
52 15
68 27
7 14
98 58
95 20
89 5
45 58
25 67
84 68
61 85
84 90
53 3
55 71
18 27
90 52
86 24
7 52
20 65
37 90
58 92
88 57
88 80
24 75
51 87
91 67
40 26
13 98
53 43
47 72
0 14
99 41
2 28
99 1
35 41
0 78
36 1
73 47
1 42
20 8
2 61
66 10
57 39
81 2
71 33
63 66
25 51
34 19
8 29
93 40
46 11
77 91
78 20
51 53
3 75
41 64
26 89
57 99
91 95
73 77
83 65
31 33
37 83
72 55
63 24
86 17
38 73
14 20
65 59
49 36
82 45
77 29
60 70
75 65
