97
4 3
11 8
26 24
64 69
40 38
83 88
13 16
19 7
14 79
50 60
29 84
20 96
79 4
14 50
24 38
44 9
6 93
50 23
12 71
8 40
74 92
35 87
50 48
67 1
16 23
55 68
4 18
25 20
15 3
76 18
97 97
24 61
90 47
68 47
88 69
72 78
60 8
55 37
26 67
10 64
29 6
28 46
88 86
71 71
32 22
8 98
64 57
35 95
17 55
31 46
44 30
14 83
55 42
96 90
17 32
29 95
57 56
83 79
37 15
31 36
18 17
97 32
51 93
42 74
66 91
86 22
85 51
0 84
40 59
60 23
99 50
1 98
49 4
65 7
3 30
98 36
72 57
97 81
44 91
78 13
8 48
0 8
95 97
26 75
22 1
38 33
46 19
40 81
69 64
10 62
20 89
74 85
47 14
11 19
18 74
21 46
33 25
