109
17 30
65 23
45 35
48 80
68 5
25 66
96 31
4 56
45 8
31 34
72 81
3 25
50 52
34 52
75 37
13 46
16 17
3 32
47 60
58 37
68 49
35 30
25 54
12 64
82 14
32 87
5 95
88 81
76 61
79 96
96 59
11 78
48 97
31 9
93 10
51 75
53 7
67 19
56 92
91 35
82 58
72 75
35 70
5 72
86 91
83 4
21 32
95 70
83 38
23 6
52 29
72 25
75 52
14 75
22 46
78 91
8 40
59 82
35 47
14 25
3 10
51 21
30 97
18 2
1 89
29 83
98 41
48 2
90 55
88 19
58 68
92 84
39 22
74 99
64 51
69 4
7 11
0 40
7 59
18 85
38 2
44 42
63 5
22 63
40 93
0 77
87 70
31 19
61 43
78 29
43 78
86 12
8 90
39 56
86 49
28 71
48 37
23 22
50 70
59 16
73 19
84 49
70 45
54 82
9 25
36 38
14 50
15 71
26 28
