107
68 66
0 1
28 18
32 74
42 2
0 19
49 86
9 42
70 18
60 53
40 57
10 87
90 6
11 10
50 71
88 46
50 27
89 82
58 6
60 95
2 70
90 29
10 57
30 89
72 2
30 47
71 42
50 43
90 65
70 82
28 2
70 27
0 86
91 94
1 34
0 54
42 22
30 67
92 14
32 34
12 94
50 93
90 21
61 14
60 37
89 38
70 75
10 66
70 49
68 90
49 2
48 78
9 34
30 83
89 54
30 10
88 74
40 37
62 62
11 18
11 2
0 77
28 26
10 49
0 93
30 53
68 34
48 18
51 50
72 10
41 94
0 27
41 74
50 34
48 58
0 11
0 62
1 46
10 75
60 70
69 58
10 25
60 30
42 10
60 86
39 66
52 10
59 46
39 30
60 22
40 46
39 82
59 78
91 0
87 88
71 98
91 60
29 98
13 80
58 0
27 40
28 59
0 37
38 16
53 64
37 52
42 90
