107
88 8
39 43
39 96
3 90
73 26
94 52
68 85
63 16
14 66
13 37
65 69
6 21
12 52
5 5
67 99
92 38
85 63
86 82
13 94
72 36
62 61
25 64
59 82
41 33
57 58
13 89
12 12
26 82
72 1
27 13
44 68
48 15
82 96
57 34
24 47
94 32
5 74
75 48
32 82
22 32
44 7
94 81
4 48
72 10
71 68
86 25
63 37
31 77
32 96
17 27
46 36
39 74
60 23
23 55
51 65
11 83
79 33
19 46
56 73
99 67
98 95
48 91
0 31
39 53
91 11
0 62
37 3
98 72
90 99
27 31
9 4
82 77
58 44
35 19
92 47
30 5
54 87
29 63
86 3
13 73
4 26
1 6
51 21
20 17
70 54
75 93
24 96
93 31
85 48
36 35
9 46
25 79
90 67
23 62
84 92
71 62
40 65
32 35
78 39
5 12
21 23
9 63
65 31
58 75
18 80
9 26
28 73
