106
10 15
16 73
8 54
74 88
69 68
55 74
21 13
97 84
0 76
11 90
81 40
73 8
44 7
95 48
52 32
59 80
48 62
77 61
96 93
75 81
17 59
21 6
34 71
19 37
90 19
36 35
36 93
75 23
1 29
59 47
91 5
99 62
96 34
37 21
19 90
17 43
79 95
4 97
62 29
32 44
78 37
34 79
64 96
69 9
73 66
60 57
10 58
8 6
38 45
50 78
73 51
87 64
11 73
81 79
89 91
91 43
24 44
84 25
25 79
65 82
95 55
44 71
20 52
74 75
50 98
34 60
30 2
54 5
99 0
5 34
0 4
43 21
97 18
4 20
1 80
74 0
0 55
44 3
48 46
28 21
88 73
15 0
53 60
26 93
12 95
91 12
66 15
48 25
99 27
28 65
42 85
14 39
47 10
34 27
81 33
57 83
67 53
9 42
82 87
38 65
53 63
5 89
15 79
19 87
66 87
83 70
