111
62 52
9 34
17 57
34 20
52 28
31 26
30 59
55 2
55 93
72 10
38 73
21 93
24 43
84 57
2 95
4 53
42 54
70 53
60 89
68 2
22 61
82 0
60 72
93 84
20 15
20 77
98 25
84 27
40 96
88 98
80 43
77 81
87 71
3 36
70 16
52 77
35 7
12 80
48 62
52 40
63 22
32 73
7 26
13 64
10 95
38 24
95 30
91 80
34 53
90 49
62 58
78 14
28 38
8 42
8 87
57 82
20 51
43 66
19 87
98 0
3 10
98 61
51 5
78 96
70 38
4 68
20 7
35 94
99 44
28 1
80 66
53 12
0 58
0 20
41 87
16 30
40 49
85 41
48 34
99 79
61 27
1 79
28 99
79 89
64 75
42 2
66 44
20 17
76 57
33 27
25 74
48 50
90 33
82 74
57 22
74 2
48 80
39 14
2 29
18 72
52 64
69 60
59 41
17 25
11 40
60 8
84 81
38 67
51 91
25 52
75 46
