113
22 72
11 28
75 68
21 2
63 35
54 79
69 81
24 93
3 64
84 89
85 42
4 50
40 25
38 72
2 36
61 46
18 12
81 50
45 88
3 30
21 83
75 78
57 91
64 7
2 95
48 56
87 22
91 64
20 41
36 5
49 11
34 38
79 4
98 77
64 2
5 91
34 22
74 63
79 27
62 24
21 61
55 72
24 97
14 78
51 95
23 17
43 6
70 15
89 71
31 72
11 3
84 13
20 24
63 90
33 95
29 8
83 77
29 28
99 10
98 34
34 54
48 40
4 8
79 93
20 46
98 86
72 49
44 26
56 65
94 44
11 63
87 1
19 98
0 2
44 42
93 26
79 36
81 91
50 0
59 99
91 47
5 36
25 66
35 3
41 74
55 51
73 23
61 69
56 16
30 36
91 16
14 21
14 6
70 7
72 55
93 78
28 86
65 33
16 40
39 45
64 83
46 64
71 67
92 40
47 14
83 28
78 9
78 82
31 19
17 17
78 62
67 92
19 31
