109
28 18
37 60
39 43
15 81
47 22
24 32
4 13
58 19
96 87
3 44
56 36
94 61
54 95
91 44
74 77
63 64
34 94
1 80
7 19
68 86
27 45
16 29
41 17
72 28
50 3
92 11
29 73
16 4
10 95
90 30
41 39
95 82
55 47
39 85
73 39
86 1
91 96
82 56
83 74
21 4
21 55
20 95
63 96
9 30
1 11
40 94
34 75
35 7
69 72
33 21
21 85
84 89
59 89
25 36
54 10
78 31
61 26
8 39
12 89
48 44
15 14
0 58
72 2
0 76
75 53
96 28
14 59
69 10
49 63
2 99
47 81
75 12
2 0
53 2
64 58
71 44
79 60
15 75
48 98
60 74
97 78
0 27
50 54
2 50
20 50
31 66
91 38
78 21
47 30
91 62
75 88
26 91
0 18
89 91
21 9
62 41
31 23
86 24
61 15
34 43
8 30
45 8
33 89
49 52
63 79
26 26
19 93
48 91
29 37
