113
42 12
53 45
84 3
4 14
19 28
38 52
20 56
72 73
62 95
86 72
26 85
57 61
73 46
48 3
26 21
39 65
15 11
11 63
68 65
32 52
50 54
86 30
16 97
95 83
11 45
59 81
98 22
93 53
72 24
81 97
42 36
39 93
98 2
25 1
60 37
46 70
94 39
81 58
4 49
95 67
11 72
86 10
27 40
39 26
36 84
11 1
33 7
59 43
51 74
68 32
35 61
73 56
12 18
18 41
28 96
82 23
34 42
27 28
64 75
82 52
45 60
68 0
2 99
67 17
7 79
22 82
6 31
48 93
97 53
75 89
52 22
0 54
54 1
0 10
79 43
30 67
66 9
81 75
99 78
34 0
4 69
27 73
70 98
4 25
84 37
14 93
70 8
67 51
64 80
42 18
90 24
62 34
50 79
12 27
39 37
34 91
59 58
86 68
46 51
19 45
25 59
32 21
40 9
88 32
80 44
53 36
17 63
22 90
41 74
73 38
60 44
52 50
48 40
