110
90 68
96 11
10 3
28 29
90 79
11 89
50 36
39 55
24 52
15 75
21 15
86 24
68 14
56 54
33 3
36 38
59 23
46 60
4 77
51 57
75 96
53 80
96 93
78 37
35 87
64 70
6 30
44 13
98 35
36 71
50 94
9 52
85 84
21 68
74 65
31 97
67 51
6 14
66 29
92 6
62 3
11 34
48 80
83 17
70 45
92 31
53 17
39 23
75 86
20 61
97 72
14 48
29 11
80 79
36 65
77 16
60 34
97 88
43 94
14 65
44 50
49 73
31 58
77 29
54 69
88 49
77 1
55 3
18 1
91 53
60 94
0 53
77 61
32 2
97 0
98 95
25 38
0 29
29 96
20 82
14 28
43 19
45 41
72 1
86 44
90 69
63 67
94 27
61 45
91 64
9 71
73 16
20 10
46 16
25 75
56 88
84 50
99 81
52 30
90 22
60 17
34 50
22 61
78 7
60 62
44 90
18 80
43 70
46 27
90 35
