201
64 5
91 92
5 64
3 14
54 77
35 4
61 58
79 33
6 36
81 1
20 20
43 32
92 19
26 38
7 97
83 72
68 94
21 5
51 13
35 82
64 43
28 61
63 29
46 49
76 58
12 81
92 48
97 1
14 48
43 64
98 79
27 94
97 65
98 35
51 97
69 78
35 20
72 17
4 0
0 49
47 93
29 79
41 50
23 34
41 1
21 95
92 98
54 17
19 1
0 83
81 58
90 15
2 22
67 45
27 64
57 63
83 76
3 98
68 72
42 35
12 65
42 69
82 36
98 50
75 99
67 2
75 19
99 32
16 21
14 46
51 76
4 7
1 37
49 0
36 97
54 92
38 49
69 86
6 78
91 0
33 14
98 17
58 28
82 32
21 78
98 72
58 57
83 87
21 93
0 54
28 33
79 2
20 62
37 77
97 84
56 42
77 50
50 19
98 61
2 93
0 29
1 78
27 0
98 46
21 48
71 21
17 16
57 0
61 98
83 67
82 53
84 93
83 7
99 21
47 35
60 63
0 73
0 45
36 93
5 30
50 83
12 1
13 60
65 78
40 18
19 16
61 34
16 95
42 60
28 49
78 31
22 30
61 92
14 75
56 20
62 48
37 35
78 72
68 11
86 15
93 34
49 5
6 93
21 81
14 30
94 77
28 7
40 78
40 21
6 58
19 44
84 47
78 61
41 43
79 76
65 72
5 21
47 63
89 5
55 49
53 86
24 58
93 86
57 35
42 6
92 69
5 48
25 14
91 53
34 57
71 36
79 84
65 15
36 26
5 72
93 29
72 58
34 72
59 72
77 4
12 7
78 40
6 83
26 84
92 43
26 44
20 68
5 43
65 20
49 68
48 44
54 8
71 64
15 85
14 35
28 70
47 30
33 42
68 29
25 21
52 58
