109
2 57
3 94
2 21
92 66
32 82
27 38
93 59
3 28
94 78
2 6
26 5
45 8
81 33
20 60
49 81
62 44
62 69
9 70
43 15
30 30
32 6
61 82
9 20
18 73
95 42
20 93
56 29
86 17
72 97
73 10
93 2
33 66
59 15
40 94
90 85
21 43
2 72
60 62
63 97
30 22
8 85
75 85
65 2
87 39
24 55
19 10
23 79
43 23
3 64
54 11
44 85
14 49
62 9
28 74
22 17
10 60
74 54
40 51
70 24
44 37
90 95
47 99
5 2
79 76
79 58
2 40
7 99
92 24
54 48
46 77
8 36
54 95
55 63
75 1
52 34
40 0
81 14
88 91
1 91
63 75
12 6
79 80
83 53
89 10
35 49
30 92
85 32
48 30
31 29
92 74
54 43
72 63
16 1
61 91
97 88
0 17
37 72
56 67
23 33
55 25
62 50
37 16
68 89
54 86
82 24
87 77
86 66
41 30
53 78
