121
66 16
93 73
26 5
51 11
29 28
92 94
46 90
14 90
52 38
27 61
75 78
82 17
26 75
74 4
29 20
37 63
42 23
14 55
62 99
96 18
63 55
7 42
77 61
56 77
11 18
93 38
69 47
40 4
19 95
91 80
63 63
3 23
43 97
83 62
6 60
46 65
50 49
72 96
31 77
95 9
3 98
95 24
56 16
24 25
86 92
27 10
68 77
18 69
57 91
97 83
87 24
55 51
85 10
86 30
18 17
35 13
9 0
26 45
3 75
70 33
60 0
98 63
22 41
88 48
5 38
65 30
96 0
1 6
37 43
29 92
99 38
43 26
0 92
99 99
48 74
8 56
72 2
77 97
0 84
45 1
56 32
23 3
0 69
14 88
91 1
13 36
40 83
77 75
69 23
0 52
76 49
92 78
28 27
64 69
23 55
52 46
27 73
77 5
22 89
64 93
51 32
68 16
35 56
10 81
69 50
54 82
20 9
53 67
74 90
45 19
18 32
14 67
32 70
84 76
64 20
47 21
17 83
15 41
70 84
63 6
58 25
