116
82 51
38 85
77 85
28 33
4 11
42 6
2 36
98 92
61 8
83 20
18 81
38 35
92 81
83 77
51 1
28 57
69 61
57 89
20 20
24 5
98 56
3 81
36 20
51 20
47 60
15 98
91 3
19 46
53 34
8 64
97 19
97 37
3 18
53 79
6 38
37 91
64 52
63 23
77 98
69 66
36 50
23 75
89 64
2 99
3 45
19 15
89 20
21 55
41 63
91 90
0 25
14 21
75 66
45 91
51 14
89 13
31 8
35 60
49 9
10 11
71 38
98 2
61 93
32 99
81 1
84 47
4 67
52 39
58 75
4 84
99 42
66 14
81 27
10 2
99 62
55 57
84 98
29 74
77 81
99 23
61 37
4 95
95 87
48 99
86 34
23 85
38 27
92 61
14 56
42 44
59 72
44 1
44 71
12 33
74 63
83 33
36 15
98 85
63 76
0 8
30 92
55 50
22 60
26 77
8 49
47 24
84 62
63 86
53 30
31 53
89 48
29 15
54 6
53 89
73 71
42 29
