110
11 79
23 67
88 73
31 31
56 69
58 21
85 16
93 28
6 36
14 12
68 89
3 67
75 30
41 90
88 47
76 2
30 63
92 13
43 36
63 78
66 23
78 80
88 32
62 50
93 96
26 92
58 36
0 10
37 18
5 53
31 2
57 94
96 86
79 47
5 28
61 54
93 55
84 95
6 3
34 95
57 79
7 73
12 26
76 69
2 46
36 68
30 23
89 8
96 77
50 42
75 12
67 36
77 86
67 69
70 58
69 42
8 15
51 7
33 47
4 99
20 53
17 93
98 62
57 98
60 7
26 3
18 39
47 50
58 2
91 0
99 13
39 51
48 77
34 16
99 44
22 38
0 53
4 81
84 66
30 66
32 88
17 17
53 62
18 84
72 27
63 94
7 30
72 7
78 53
40 13
33 45
57 34
63 75
4 45
88 22
72 22
20 12
10 93
37 23
2 21
28 49
81 39
61 59
22 28
66 14
36 53
60 42
82 25
57 65
28 60
