113
58 77
18 77
88 37
56 55
73 6
20 47
66 64
55 92
24 10
83 23
74 42
96 11
9 7
55 22
42 43
56 29
97 22
26 52
92 36
61 88
24 41
6 64
46 11
36 77
7 21
99 88
5 50
2 70
79 51
52 60
72 0
41 3
52 76
71 26
60 40
72 74
28 19
41 85
14 34
22 82
33 54
95 46
72 58
64 17
79 2
45 34
48 56
60 97
56 44
44 20
87 22
77 60
61 49
17 55
78 21
70 47
44 48
84 43
64 34
99 64
78 98
28 95
5 92
86 71
58 3
84 85
3 1
12 94
95 97
93 4
35 63
27 4
74 95
97 55
19 97
74 79
9 28
35 20
52 99
6 85
85 64
48 4
22 13
30 70
12 99
43 76
98 32
27 41
60 12
50 61
12 50
94 53
12 77
59 81
82 78
85 93
70 63
85 8
26 62
67 20
38 14
68 94
59 77
45 83
87 33
66 9
28 10
54 36
44 65
62 59
67 73
78 72
58 70
