116
30 47
24 38
41 55
34 27
62 68
27 92
60 96
21 7
66 8
38 8
95 30
73 57
3 82
66 30
52 99
28 23
59 59
57 6
29 0
91 12
52 28
17 81
88 53
3 7
86 91
3 33
78 19
7 67
76 40
88 73
44 41
68 82
8 25
22 57
52 1
43 92
17 37
58 51
7 57
21 97
38 60
73 0
96 90
68 97
94 44
42 15
21 17
72 96
65 37
55 71
83 79
71 51
71 10
13 9
52 55
34 53
28 8
94 83
24 32
60 11
37 39
5 96
0 50
38 81
54 83
23 68
77 64
87 7
80 33
75 19
51 22
0 91
7 51
45 41
99 39
97 19
41 67
7 9
87 54
5 72
35 96
64 82
82 98
8 34
10 81
83 68
46 84
41 1
27 66
27 84
10 34
12 20
69 65
19 0
25 50
37 19
52 44
84 40
69 23
60 85
12 67
87 65
81 15
58 36
72 88
66 4
16 93
70 68
26 24
14 72
28 40
79 49
27 54
67 62
42 45
28 13
