113
74 35
88 44
55 29
83 98
88 80
3 23
15 69
7 45
22 29
67 88
76 13
27 15
92 24
20 64
9 23
73 82
46 34
85 68
96 38
3 37
70 24
20 86
41 85
51 65
70 61
60 51
23 46
97 91
44 6
6 81
7 5
45 57
73 42
78 97
38 27
20 14
0 83
55 21
0 51
81 11
50 83
90 54
34 88
15 50
27 72
62 16
53 75
97 73
70 73
66 47
84 29
50 19
92 47
18 54
60 61
89 88
1 28
88 19
78 77
13 40
73 50
58 41
80 37
81 87
24 0
58 0
1 97
37 45
3 59
58 89
31 13
53 4
26 93
75 7
39 49
30 68
1 11
95 13
45 63
98 30
6 66
40 97
69 99
24 39
32 27
41 13
45 78
71 21
16 16
24 78
99 44
31 54
64 75
83 54
45 42
83 69
51 91
2 42
57 14
9 24
72 96
47 26
75 28
64 84
32 35
13 60
24 21
18 44
47 11
66 40
88 40
61 22
11 30
