117
71 44
2 15
25 19
12 31
75 63
79 12
31 86
96 93
82 85
62 9
97 77
60 70
55 32
16 76
18 50
35 44
79 31
32 24
66 49
74 79
63 55
6 97
38 72
4 45
58 95
92 6
25 63
38 2
23 5
48 82
37 53
64 24
68 94
26 91
83 67
4 78
97 65
1 92
8 29
36 38
7 8
53 57
92 35
69 2
83 8
63 89
35 90
80 43
12 49
5 72
30 4
89 80
55 64
3 36
26 44
91 14
62 80
19 88
64 44
76 21
33 16
60 64
28 84
49 71
48 14
99 38
98 22
2 62
97 58
44 98
54 0
95 0
92 95
51 35
74 98
49 96
91 53
16 0
19 18
31 70
2 9
9 98
62 15
91 21
34 30
0 83
78 45
56 39
69 29
50 23
78 81
46 76
97 6
15 68
0 23
21 37
65 10
11 93
89 62
66 96
9 45
70 58
31 76
34 98
32 49
80 81
11 54
52 91
10 15
66 80
55 43
24 28
22 84
74 35
83 76
40 76
65 33
