114
18 65
76 38
0 32
64 89
80 83
45 16
15 14
23 47
41 71
31 6
36 99
49 47
3 5
94 15
8 70
27 53
51 21
80 28
79 89
3 21
64 30
29 27
90 47
50 2
58 72
28 78
77 68
9 54
44 85
9 90
98 54
60 3
26 93
80 23
60 94
48 40
3 39
81 61
62 41
61 61
93 87
20 31
68 45
85 11
31 48
82 46
50 70
42 1
45 23
46 93
35 67
5 79
86 92
12 21
9 63
83 77
33 39
7 12
71 30
80 52
15 61
39 15
31 57
99 29
66 16
83 4
0 93
28 0
22 97
99 98
0 50
77 7
25 4
99 19
65 79
66 95
98 43
5 98
6 37
54 55
90 0
91 63
31 22
61 11
40 87
62 32
53 56
93 36
62 79
16 47
67 58
80 96
32 32
0 60
70 15
50 21
37 56
38 81
52 42
55 7
68 50
56 26
22 21
57 91
92 56
94 23
20 40
81 44
38 50
36 25
53 45
74 90
70 33
64 54
