111
67 20
28 55
53 65
50 94
91 42
94 24
46 39
15 23
18 68
79 59
67 45
21 86
35 78
5 54
56 5
94 73
54 51
19 29
98 15
8 58
59 70
40 79
41 45
54 25
42 91
78 7
7 96
28 12
81 99
95 1
76 76
6 40
95 80
30 31
84 38
67 16
36 93
24 53
22 92
2 91
1 23
85 22
73 50
55 34
64 64
7 18
89 52
97 72
86 36
48 67
73 43
18 99
49 80
38 99
85 86
32 39
14 51
86 72
43 57
16 92
6 3
43 14
67 88
95 96
0 77
94 56
14 73
27 14
99 30
42 7
82 14
56 93
22 7
36 29
3 35
71 28
28 57
48 20
71 93
93 4
2 9
60 12
70 34
98 41
28 78
79 65
90 87
60 78
55 41
37 8
42 50
11 33
75 57
38 71
14 78
53 10
63 20
30 25
46 30
48 60
13 13
79 30
24 93
36 44
57 71
84 63
26 82
34 58
10 87
16 20
61 26
