91
84 75
79 90
80 45
80 97
83 35
93 8
94 85
61 43
26 10
28 42
78 64
83 28
69 88
90 78
49 24
51 8
79 2
16 27
16 8
52 41
69 34
77 16
17 45
55 21
83 56
86 21
70 45
16 19
73 96
81 11
2 6
65 71
97 55
97 6
70 15
27 17
84 42
93 91
92 61
53 38
48 22
75 60
15 35
90 29
83 72
73 84
48 37
67 54
61 26
52 13
73 29
87 49
85 14
89 80
58 50
73 69
75 49
81 64
2 28
18 53
0 2
99 31
30 24
57 0
1 18
35 9
20 3
91 99
67 10
99 15
98 45
39 35
98 69
49 0
8 34
90 0
24 46
97 83
11 2
70 79
64 63
20 13
69 25
90 2
76 88
46 27
83 7
80 25
60 29
75 53
79 87
