98
97 4
89 51
87 90
2 3
33 39
49 6
96 77
13 76
14 54
12 13
54 31
29 64
79 6
43 97
63 0
20 92
68 37
54 43
20 17
7 67
21 51
25 36
40 4
83 60
75 30
46 25
7 1
3 54
45 40
15 43
48 75
63 87
2 97
61 58
93 33
72 69
28 79
34 20
74 22
74 52
6 19
69 90
35 7
23 87
94 57
60 27
66 51
84 17
31 33
37 14
75 48
4 10
81 38
69 59
27 46
44 55
51 98
40 87
76 74
65 7
48 70
82 97
47 56
95 91
23 65
89 25
93 11
62 82
82 81
36 98
57 13
34 78
53 77
71 1
38 58
63 97
63 67
78 16
91 25
45 31
59 48
17 78
69 30
37 18
81 89
89 34
57 2
54 94
86 54
68 22
53 21
29 92
68 45
27 21
40 69
22 56
49 10
54 51
