109
50 53
44 88
50 37
69 44
24 26
98 71
49 20
51 67
35 68
10 80
68 92
18 44
7 98
66 30
33 14
1 22
32 40
63 45
53 89
91 75
59 76
15 32
38 22
54 81
43 48
17 65
82 7
80 33
0 60
81 63
29 90
67 13
96 6
30 6
0 29
24 52
74 87
96 87
77 71
60 7
89 61
71 50
24 21
85 10
14 76
52 95
48 15
68 69
11 58
11 39
32 35
41 54
80 18
73 34
60 94
59 58
29 20
68 82
29 45
53 45
18 34
96 29
12 13
98 49
30 90
13 96
98 22
16 2
37 74
98 94
39 1
87 47
0 48
1 95
67 5
9 18
86 41
16 82
66 99
85 78
46 34
43 71
85 16
7 53
90 89
89 33
75 64
72 30
47 18
28 76
8 63
77 49
47 88
55 75
95 14
92 65
37 61
82 77
56 38
9 35
33 20
44 9
68 60
49 74
38 40
6 26
43 25
63 85
71 40
