117
43 39
8 17
74 82
17 5
56 40
15 96
4 65
37 88
89 69
30 13
31 59
87 41
71 11
77 96
67 62
30 87
6 23
69 2
64 52
43 49
83 81
45 8
94 26
15 52
17 32
45 76
17 71
6 41
41 22
68 32
91 95
95 58
13 79
31 72
3 8
77 45
69 79
95 73
65 9
9 47
59 34
25 49
56 57
3 33
39 35
22 86
37 11
26 69
17 24
71 49
86 90
42 64
32 48
18 13
41 8
31 80
24 71
96 5
60 95
80 24
46 99
55 19
91 4
91 41
2 69
75 63
8 83
55 71
54 87
23 31
66 96
72 64
21 98
95 89
96 30
73 29
68 78
42 96
39 25
81 10
31 3
45 57
52 73
92 67
59 26
88 26
17 54
89 53
28 34
51 10
7 64
57 48
74 35
86 97
41 42
99 67
56 66
35 94
9 80
85 73
18 51
65 12
70 58
13 86
26 20
59 81
40 56
83 83
11 37
81 39
47 13
26 53
72 18
23 84
61 62
20 39
17 64
