116
52 85
53 35
67 17
77 41
62 51
91 53
92 84
43 14
30 90
39 79
22 77
78 3
14 50
79 90
33 29
12 96
58 8
35 70
49 7
20 94
92 10
72 64
45 52
6 6
4 37
27 4
2 21
25 60
89 68
10 64
47 31
25 30
94 45
54 78
97 85
47 95
47 59
63 65
61 33
41 45
23 45
84 72
99 60
56 95
16 9
35 11
85 56
68 3
74 55
28 68
55 53
14 40
83 82
60 88
36 7
21 67
56 19
36 64
94 77
85 28
8 79
99 29
72 98
86 99
5 97
74 18
3 77
17 18
0 61
97 9
76 39
41 99
75 83
2 8
20 3
93 13
97 40
3 94
11 23
53 3
67 70
28 51
33 27
30 84
65 31
66 51
18 36
56 71
29 98
92 43
7 58
98 70
40 28
46 81
37 49
16 87
99 54
73 13
80 76
50 29
49 45
65 25
51 11
79 45
65 72
49 68
45 83
22 85
20 63
29 37
5 87
71 58
66 11
55 62
76 74
35 91
