98
25 14
16 25
7 13
4 57
76 20
21 83
3 3
29 4
16 78
28 19
52 89
14 99
68 89
25 63
55 4
95 31
2 19
11 53
74 25
14 26
17 68
13 90
19 10
11 20
72 66
87 58
62 42
94 2
60 27
91 78
48 66
58 76
1 68
98 56
98 7
88 77
55 98
99 42
63 13
91 25
73 84
26 97
66 40
17 51
89 8
55 24
60 51
91 59
63 66
15 1
30 74
7 75
64 95
80 58
56 12
82 23
90 45
83 72
81 32
21 70
10 61
20 18
73 3
2 90
26 49
51 82
29 88
70 98
84 42
98 72
75 84
50 98
0 27
0 82
78 5
5 97
56 68
27 92
74 45
99 58
99 34
27 31
77 67
84 87
8 95
67 80
87 17
69 49
63 7
87 9
73 96
67 34
27 12
83 52
16 97
17 63
86 17
19 92
