116
1 6
43 40
53 66
93 65
88 16
23 26
77 58
15 47
27 75
49 83
30 50
3 80
56 24
99 5
66 79
17 67
35 85
30 20
8 11
12 32
85 4
87 56
42 90
64 66
51 76
61 47
80 93
72 34
31 3
58 10
97 40
82 79
97 79
5 96
55 97
73 55
22 7
20 81
38 34
76 92
46 57
86 38
55 32
50 12
82 16
74 77
98 48
39 54
64 16
28 24
20 40
63 86
44 33
51 46
93 61
16 16
79 63
80 84
34 13
36 41
72 84
23 96
5 58
99 25
1 43
95 93
68 0
74 29
7 28
31 69
99 7
6 79
74 98
0 50
54 2
14 99
6 3
60 96
59 47
35 88
82 41
25 55
60 61
47 69
77 7
1 1
4 89
15 14
68 20
14 69
89 36
66 42
98 15
63 6
44 63
4 20
49 27
86 31
88 92
39 84
16 32
58 81
29 41
16 6
73 39
58 39
37 27
24 33
57 67
87 45
35 48
66 52
86 88
9 22
90 50
46 39
