111
7 40
2 85
92 56
44 3
67 85
74 20
97 26
51 46
84 91
64 58
38 39
97 78
66 4
22 73
91 27
96 60
11 85
52 11
39 47
53 68
4 5
25 27
89 10
81 72
1 59
51 83
0 27
77 42
49 97
31 60
95 42
6 99
36 74
70 59
56 36
46 61
26 84
96 12
50 22
80 77
70 95
12 70
3 19
31 45
96 71
83 52
62 44
86 31
0 95
67 30
54 91
20 94
22 60
62 64
47 52
45 70
82 66
43 31
15 92
48 42
32 11
21 41
84 3
99 85
20 23
70 6
5 45
77 20
30 1
8 72
25 98
37 82
6 25
15 54
1 11
70 89
98 7
55 99
88 89
97 56
52 0
39 24
2 65
70 37
78 57
25 43
82 4
10 39
57 83
67 9
98 22
41 10
29 70
83 43
29 21
65 51
64 99
83 27
39 57
47 94
26 77
76 68
60 58
92 63
16 64
94 37
11 31
83 50
72 32
37 66
25 52
