112
29 27
65 54
34 50
51 31
90 94
94 72
37 8
36 79
92 17
70 85
50 83
18 61
10 27
75 69
8 81
84 33
40 13
26 45
54 42
49 24
26 78
83 96
42 38
18 20
18 51
53 5
85 55
64 98
98 34
78 20
4 50
73 42
16 67
65 17
50 94
15 91
93 58
3 36
35 67
71 44
70 64
12 64
7 16
25 36
70 79
30 10
98 24
39 59
88 44
45 18
15 24
38 45
57 13
32 40
98 4
55 66
72 3
94 74
10 97
20 3
0 16
93 0
99 53
1 85
98 96
51 51
24 92
86 86
42 82
85 13
55 0
8 41
81 27
86 60
56 86
23 85
76 71
37 5
59 72
32 63
79 11
16 9
6 71
64 0
5 55
46 65
44 32
12 48
75 37
26 27
48 87
29 1
78 86
95 86
93 10
20 76
64 88
90 69
51 4
50 73
17 40
43 23
79 42
91 26
78 61
23 12
63 81
30 48
51 23
16 88
46 41
79 78
