111
51 53
4 65
36 42
87 97
29 95
29 52
2 50
27 24
65 76
0 96
91 31
46 93
56 16
16 35
76 85
51 2
45 28
92 46
30 13
78 71
59 25
45 40
90 13
34 78
75 25
93 79
91 60
65 43
16 5
70 57
4 13
60 69
56 96
14 70
13 39
26 81
98 6
20 94
33 64
99 89
96 23
16 24
97 40
81 24
2 59
45 83
62 36
19 59
8 3
98 58
59 89
81 81
51 25
9 48
9 31
82 59
54 85
36 31
97 34
75 1
79 40
57 1
43 3
1 93
74 8
73 95
11 80
48 57
0 32
14 99
99 72
95 98
30 3
35 17
60 2
69 52
59 66
62 16
88 10
23 49
19 66
73 27
49 49
33 80
21 9
37 3
59 30
77 44
67 96
5 95
78 86
6 45
92 72
18 85
60 82
44 18
25 30
75 67
6 65
30 56
84 54
61 64
51 41
28 71
62 83
72 41
40 11
46 32
59 47
10 62
25 77
