89
95 35
94 2
28 17
37 26
95 28
28 96
66 26
29 5
56 93
55 73
93 73
27 59
38 1
96 45
84 37
11 53
55 0
28 86
85 2
92 54
84 71
59 27
96 25
26 11
50 26
86 24
12 86
18 36
71 83
75 14
0 76
36 82
27 47
50 94
83 57
27 71
14 85
61 36
25 38
17 60
64 84
82 16
94 8
5 82
30 1
95 65
47 85
88 48
47 55
6 28
95 96
4 9
76 97
61 70
3 37
60 5
44 52
77 38
0 61
76 58
47 38
13 96
16 27
88 99
42 82
28 97
58 98
39 17
60 13
15 71
11 43
26 53
64 29
20 3
3 94
29 67
79 7
28 81
60 92
99 38
93 25
42 91
17 95
54 23
18 41
26 82
56 89
91 18
15 50
