116
67 28
33 62
38 7
39 71
23 38
77 48
61 63
45 40
3 42
22 52
6 1
40 88
88 4
61 10
45 13
52 62
73 25
40 35
34 77
55 73
93 35
79 78
12 89
93 70
95 54
12 20
92 93
7 70
26 91
94 21
69 97
26 32
53 23
6 40
1 91
10 63
88 39
73 79
66 57
80 22
96 79
43 51
16 50
87 53
43 21
27 60
6 85
82 96
53 43
38 81
11 54
23 46
21 67
90 25
70 87
46 30
61 22
81 36
31 52
30 67
20 6
55 89
2 26
96 2
44 99
3 8
81 62
80 7
56 91
97 64
20 32
52 6
35 21
19 91
72 51
28 2
57 77
47 56
65 13
16 81
46 2
1 37
89 18
76 62
73 44
99 44
2 51
15 14
81 77
2 79
9 6
69 85
95 11
57 28
37 15
25 75
80 12
46 93
74 41
56 67
41 79
12 26
90 64
47 61
45 47
12 36
60 85
67 18
90 7
36 47
17 59
47 26
7 49
85 43
25 53
39 55
