107
58 27
13 36
42 56
54 94
93 36
83 64
52 33
4 11
33 30
59 68
60 53
70 80
92 77
78 29
31 91
3 67
76 49
10 52
7 23
55 87
45 66
95 85
54 47
76 70
21 65
44 1
98 51
31 14
91 18
28 50
67 13
2 52
0 28
18 33
25 96
44 78
96 92
92 11
78 87
8 72
49 39
37 4
76 37
19 39
52 66
77 55
35 85
93 45
42 24
93 25
45 46
10 67
14 25
20 54
9 44
89 86
8 38
1 95
18 8
53 12
72 14
29 71
11 94
76 96
17 80
82 3
47 99
58 53
58 90
11 99
62 33
27 17
68 6
99 32
13 10
65 98
74 21
87 98
44 7
73 65
44 71
6 81
32 86
87 71
1 18
27 15
33 57
84 49
64 84
98 46
77 20
59 62
60 13
69 51
48 37
82 91
87 72
61 98
27 31
20 72
61 82
18 50
46 51
33 10
77 12
74 89
85 81
