115
88 5
2 83
93 28
96 14
26 65
60 10
57 69
13 51
28 14
64 83
81 20
31 94
36 77
94 71
54 32
95 42
42 55
44 16
69 4
71 27
19 45
36 8
76 10
82 29
46 92
0 35
78 45
66 99
79 73
65 55
17 92
2 11
30 29
97 56
78 91
18 4
53 74
5 73
28 59
60 38
80 54
60 99
51 52
4 20
6 89
35 73
62 5
75 98
85 83
97 50
69 69
71 84
43 84
92 36
58 27
41 65
84 62
59 59
85 15
50 81
99 86
40 39
48 0
11 23
2 51
16 78
11 0
32 98
45 21
32 0
9 99
9 58
14 19
37 48
25 39
63 43
93 89
0 87
29 21
0 43
19 72
81 47
39 34
6 58
74 3
46 3
97 19
60 16
9 37
11 72
22 91
90 6
67 41
45 60
32 80
22 46
59 92
27 66
71 75
59 19
42 13
73 60
43 41
58 52
68 34
62 73
38 15
41 50
84 51
93 22
51 24
30 75
70 18
7 49
52 16
