112
34 42
9 71
47 92
13 91
46 61
92 90
87 23
72 91
70 48
51 35
60 65
1 51
72 23
25 80
89 51
54 86
41 95
71 56
69 34
34 76
18 98
68 75
45 36
80 43
38 7
4 22
21 3
83 70
48 19
17 59
87 4
15 32
60 99
89 57
30 35
48 50
3 85
3 66
30 65
30 15
66 18
59 80
82 86
27 86
12 54
87 43
42 57
36 37
77 27
85 81
67 56
13 44
19 93
26 8
52 94
34 83
82 57
13 79
56 55
43 86
1 99
7 1
98 74
70 1
98 13
4 15
50 5
95 99
93 27
81 10
29 51
17 28
1 29
74 98
99 91
3 6
70 77
57 19
93 36
45 71
72 5
95 71
36 21
80 99
31 56
88 9
2 91
19 74
4 70
9 16
30 38
16 18
53 66
46 51
40 15
25 60
5 56
79 72
89 97
2 76
75 52
82 37
32 65
51 84
34 35
96 83
9 19
77 83
43 29
58 79
27 71
38 51
