105
70 3
84 47
65 93
96 37
90 5
14 39
60 43
26 23
30 95
97 60
68 71
67 17
34 53
50 86
89 90
48 58
95 16
67 62
15 46
75 24
33 46
82 86
56 38
87 32
69 80
10 50
81 11
38 91
3 14
38 3
16 69
48 18
8 92
83 70
38 72
20 10
48 26
97 86
2 53
53 80
12 99
30 73
23 87
3 36
65 37
80 98
81 31
67 88
5 64
95 7
80 63
76 6
17 32
34 63
21 98
62 76
4 78
41 32
48 3
76 46
62 17
17 4
95 62
98 23
96 77
31 19
58 99
4 24
53 62
2 98
24 4
0 50
18 82
90 99
62 51
49 44
49 11
33 29
90 52
52 94
12 3
36 88
99 19
9 71
46 78
81 78
69 31
69 46
36 55
83 52
61 67
39 15
54 25
75 93
72 6
81 68
88 38
78 20
97 9
32 89
53 11
50 48
91 82
45 62
91 14
