106
38 67
92 90
55 71
31 20
50 39
96 5
46 73
94 65
85 31
23 97
50 17
39 93
34 45
60 6
68 22
78 85
74 55
9 60
31 81
95 10
52 24
79 96
36 88
26 73
45 63
1 38
25 57
58 88
90 49
9 9
66 36
42 3
81 11
24 4
17 21
92 24
73 80
17 72
54 96
29 42
15 89
97 89
54 47
68 65
0 56
95 54
95 38
13 33
75 66
46 21
72 16
49 82
29 60
81 92
90 5
67 88
41 10
89 95
44 51
94 17
0 92
3 22
70 1
25 1
80 39
89 67
14 86
12 44
23 23
33 34
81 53
98 82
99 32
14 58
68 98
66 19
75 6
98 63
3 29
9 98
68 61
83 68
77 33
96 48
62 74
38 48
29 95
47 25
18 74
9 51
44 90
33 6
86 99
52 68
86 21
23 47
27 11
45 11
34 79
88 53
91 85
75 94
22 87
37 51
41 87
83 63
