108
11 2
58 22
63 96
39 58
66 13
39 10
92 22
38 90
71 69
90 83
7 97
24 31
55 58
47 31
34 44
14 43
8 30
21 69
61 38
49 5
35 85
78 67
13 85
35 97
53 16
7 16
71 28
21 98
95 65
78 92
97 37
3 96
37 64
27 50
65 73
28 6
55 96
79 35
64 7
21 19
79 55
0 38
54 44
43 66
97 30
18 54
68 42
42 80
46 45
1 21
89 48
21 86
61 83
44 16
9 37
26 65
75 77
5 84
56 33
49 53
34 53
35 70
88 6
2 59
86 5
96 86
14 0
3 52
41 31
96 51
78 21
50 74
23 27
46 2
87 0
66 2
31 9
87 67
98 13
56 59
52 95
19 71
81 90
73 26
19 51
71 59
72 4
28 84
21 13
38 24
8 76
32 38
68 82
53 89
62 17
89 33
19 66
83 16
25 5
44 25
45 8
67 91
58 2
46 72
33 78
53 39
28 40
23 61
