111
66 42
82 77
91 16
3 11
30 96
27 61
30 22
41 64
44 14
41 42
73 90
73 55
76 31
27 27
75 71
31 85
57 23
5 43
94 49
35 3
5 60
59 3
14 90
58 78
96 74
57 93
17 12
24 42
77 93
52 1
80 15
83 33
39 72
43 36
58 51
41 97
66 17
8 31
93 52
93 68
97 7
37 50
15 96
14 67
61 37
70 69
45 70
89 20
85 81
46 38
72 4
48 84
13 24
29 75
71 96
77 38
44 4
35 15
93 39
42 58
84 55
67 51
24 34
85 5
20 20
62 87
72 37
51 66
33 65
4 78
94 93
20 5
1 14
0 61
3 0
1 41
96 22
6 75
99 79
20 59
17 86
21 1
49 19
24 44
60 97
51 54
27 96
61 68
66 9
31 20
47 23
54 70
88 56
8 59
63 36
93 32
65 83
6 15
95 15
85 74
81 41
15 42
33 29
58 38
25 64
67 59
77 47
57 32
25 13
41 22
71 45
