108
84 73
60 55
43 24
37 94
92 33
42 35
76 35
41 69
4 23
42 50
6 7
4 91
19 42
61 74
24 86
36 21
95 69
45 94
68 67
32 27
78 3
81 56
99 8
29 6
96 91
61 5
96 50
75 86
5 43
86 16
58 88
5 99
78 91
22 94
94 3
25 40
78 29
9 85
65 37
32 54
56 7
27 69
66 51
81 49
7 50
31 79
77 14
52 93
95 57
41 15
53 70
69 97
49 30
35 56
69 71
89 82
58 46
72 8
40 85
89 94
32 35
67 89
35 49
88 7
32 88
15 95
4 70
18 20
0 68
21 63
38 1
58 24
1 37
97 67
47 67
94 22
12 20
91 37
11 78
6 55
50 52
47 36
13 27
78 21
95 64
55 79
48 11
43 99
61 32
75 71
28 21
86 1
73 49
21 48
61 97
74 63
29 94
31 13
80 41
63 94
78 86
69 22
39 35
38 9
46 59
81 9
63 84
28 42
