113
12 11
20 44
18 31
82 73
98 35
26 57
7 71
26 85
80 33
95 67
80 9
61 20
47 46
63 35
40 28
74 61
78 17
15 6
33 23
33 83
28 51
90 87
97 9
62 3
50 67
0 22
57 81
4 98
99 50
76 86
4 86
21 0
56 88
59 34
31 69
89 48
64 75
96 89
10 32
54 15
84 40
39 85
24 34
1 12
20 80
89 1
50 56
4 76
83 21
97 78
22 10
52 37
62 11
71 78
54 23
94 60
32 33
71 30
91 15
73 13
6 49
42 1
64 51
99 27
10 57
31 97
99 98
36 6
70 94
79 96
67 52
8 34
41 68
25 18
85 49
36 47
39 97
22 66
11 91
81 1
96 74
67 61
97 17
42 54
48 5
4 19
14 47
23 71
64 76
45 73
73 1
91 65
93 31
38 39
65 45
23 2
31 54
14 65
19 24
81 60
71 22
45 42
71 45
55 30
21 42
88 73
28 75
90 23
10 26
12 46
36 63
70 85
14 57
