107
35 31
71 94
8 47
32 38
72 79
71 59
76 17
33 91
18 22
3 97
66 5
54 98
96 22
20 4
80 34
5 73
5 4
46 41
43 7
17 38
63 55
78 48
49 51
7 17
39 47
36 76
53 73
66 31
95 81
91 2
99 95
15 61
3 33
60 18
88 64
51 71
68 76
28 6
32 71
11 81
89 45
53 37
73 3
81 20
19 44
28 24
4 24
90 39
89 75
75 63
71 90
7 8
40 67
16 70
18 52
53 44
13 22
65 81
39 34
74 30
84 53
77 73
21 99
99 55
95 98
35 96
54 23
98 25
57 96
1 63
25 85
35 11
61 4
56 68
86 2
77 97
7 90
5 2
72 44
98 27
29 62
16 96
38 16
56 53
36 2
23 22
46 97
22 82
95 10
42 55
6 1
58 25
42 26
63 39
67 62
11 38
0 16
36 85
63 11
37 40
63 90
20 26
25 96
52 59
67 75
15 12
11 32
