106
74 54
50 49
26 61
45 86
64 75
14 74
61 8
93 91
89 66
49 27
37 14
14 24
27 87
87 31
13 45
4 2
95 8
16 10
11 77
4 48
49 94
54 10
77 41
33 3
66 82
46 20
15 97
63 39
34 28
63 22
76 8
44 66
32 45
57 53
96 73
76 72
90 25
61 68
2 9
86 91
42 81
20 37
10 83
7 54
84 54
76 26
39 97
47 39
22 65
59 84
74 87
85 10
34 36
13 90
24 47
55 24
53 72
70 17
24 78
65 64
82 20
16 82
19 0
6 29
91 47
53 99
41 61
43 0
99 23
98 63
15 16
8 69
75 93
67 3
63 43
29 17
19 99
80 78
91 45
97 32
79 68
5 94
28 50
63 96
36 68
44 47
31 8
69 26
43 16
66 54
49 99
16 59
16 5
52 33
73 32
23 23
57 76
7 9
68 12
37 39
60 90
53 12
71 47
76 79
26 16
61 14
