112
51 27
12 47
41 79
24 73
5 37
4 81
69 13
58 52
76 78
39 3
90 55
34 92
91 5
50 68
65 66
20 34
70 33
77 9
29 7
61 6
43 25
19 48
43 68
59 30
92 96
60 85
18 89
99 26
74 47
13 3
33 51
4 97
84 27
52 52
28 26
86 88
37 55
6 54
44 4
4 7
96 59
77 64
69 51
62 36
89 32
70 18
82 5
74 91
55 77
20 14
10 81
32 34
29 87
23 56
41 85
4 45
92 23
49 54
24 79
71 2
73 25
43 76
65 23
94 75
57 99
97 77
99 99
12 21
45 40
1 64
98 1
72 96
40 99
89 41
3 67
51 17
25 64
4 94
62 81
89 89
77 99
95 16
20 62
30 16
26 96
96 68
90 49
36 39
49 94
12 17
45 11
84 36
1 71
41 70
32 54
93 82
84 51
85 69
13 35
48 41
70 81
36 24
12 81
91 98
61 12
59 62
85 21
13 92
36 62
29 58
50 63
84 93
