111
97 3
52 74
92 92
11 4
10 95
50 9
71 51
88 75
27 40
12 80
25 10
6 60
81 6
5 42
41 87
85 89
72 59
83 15
59 79
61 46
46 63
22 29
23 52
13 88
13 13
44 33
95 52
70 28
92 30
31 76
38 19
39 50
27 97
26 6
86 73
69 67
65 85
29 68
61 18
3 57
1 16
52 35
48 89
99 84
79 45
33 2
4 78
86 63
58 13
92 19
27 86
79 95
32 24
13 32
72 8
48 24
95 77
85 28
61 69
34 55
86 11
53 84
60 99
99 32
2 1
54 49
2 23
21 66
73 81
39 0
13 96
21 48
58 1
69 23
47 70
88 46
7 74
73 37
0 88
45 64
17 34
35 36
31 83
60 62
13 94
16 51
98 22
96 38
49 38
20 26
74 76
90 68
18 10
9 46
47 19
35 41
35 95
78 35
29 78
79 13
48 54
40 8
64 53
60 29
27 22
92 82
22 83
45 14
90 35
39 78
37 29
