103
11 11
71 41
16 45
85 68
42 17
30 10
21 54
4 62
43 81
67 9
41 39
87 40
12 96
65 75
45 65
70 56
22 80
10 29
48 49
19 62
6 14
23 27
23 46
14 51
98 56
89 12
7 76
92 93
64 92
79 0
42 96
55 35
62 61
95 85
52 21
94 42
15 98
0 31
73 14
59 78
68 42
79 55
8 81
73 76
36 77
6 55
71 0
31 31
30 59
22 98
16 5
93 34
52 65
52 85
57 46
7 48
40 51
38 71
66 34
91 51
20 40
77 43
67 81
44 29
50 4
77 99
96 12
57 20
98 99
78 23
97 26
63 98
22 76
29 90
82 92
1 89
87 77
54 49
42 9
81 18
50 63
92 99
80 74
39 45
16 30
92 62
71 61
37 23
57 63
84 32
10 65
15 82
35 60
32 45
84 50
60 84
10 34
75 9
68 66
15 60
69 45
48 44
43 60
