109
61 56
93 40
32 60
10 73
75 37
55 67
64 67
40 26
94 90
2 18
93 75
94 10
22 45
25 13
40 75
61 45
75 26
64 78
31 34
46 66
64 49
43 92
54 28
81 61
47 50
19 26
26 91
72 96
47 10
94 55
4 40
1 3
96 28
30 1
85 5
18 49
4 66
68 19
56 84
77 94
18 94
91 97
1 51
32 69
96 46
73 64
44 24
10 27
86 56
17 46
33 48
76 86
57 16
88 31
47 73
12 19
58 62
63 86
36 61
28 22
21 56
29 54
39 67
15 0
67 4
4 99
23 80
47 99
36 1
86 76
59 31
47 41
11 70
83 14
47 97
29 84
17 1
7 35
74 2
89 1
41 10
94 81
74 66
80 82
59 6
78 52
82 23
46 25
15 88
28 37
14 26
98 37
67 93
37 89
60 24
4 46
75 16
37 53
38 21
50 36
54 78
60 23
52 57
84 62
38 27
53 64
13 35
43 58
40 32
