110
45 58
4 7
92 18
86 17
17 96
48 87
12 73
24 16
73 70
84 95
4 59
16 40
40 36
71 46
31 59
91 36
40 16
56 99
30 29
51 53
38 95
2 47
35 65
22 32
52 64
46 93
46 46
38 58
69 21
57 35
95 83
55 18
53 2
85 59
34 81
68 89
11 0
71 38
17 68
96 44
37 10
21 10
0 65
80 9
53 80
94 75
72 78
15 23
44 78
75 89
42 25
33 14
23 27
59 86
94 4
1 31
67 1
5 87
59 67
93 61
17 49
25 84
1 14
31 43
54 17
98 94
0 99
76 38
97 34
85 56
82 97
99 11
18 3
78 24
35 96
84 2
87 81
29 78
74 68
6 78
12 91
61 41
32 51
51 6
94 30
50 32
15 64
97 51
7 51
74 47
10 19
14 38
58 72
17 89
35 73
77 18
36 35
71 57
89 44
18 18
21 74
54 88
83 65
49 18
68 71
31 88
51 73
21 41
92 14
32 19
