110
68 64
85 24
1 78
97 16
32 95
54 36
54 76
78 7
50 19
79 48
9 52
54 5
32 74
36 53
3 14
9 97
66 22
49 85
64 60
93 22
37 63
51 29
67 54
77 58
13 28
86 93
22 84
71 83
93 45
31 11
3 49
35 43
20 51
78 3
3 65
69 35
62 6
38 94
25 80
28 65
46 57
4 89
94 9
86 30
83 56
60 91
60 76
75 91
46 24
10 82
68 78
27 47
58 54
85 21
44 44
25 74
30 88
13 87
13 2
98 73
36 7
98 62
97 0
23 27
90 97
62 99
11 66
97 39
7 15
0 39
70 20
46 92
40 39
93 97
21 13
82 67
51 71
55 4
21 34
64 40
76 7
72 99
86 83
6 6
28 4
18 48
46 64
13 96
6 23
90 39
41 30
44 86
77 47
65 34
55 11
5 57
78 81
67 69
98 30
19 54
17 69
69 2
49 13
29 89
36 78
60 84
60 30
89 13
18 94
62 70
