107
60 55
70 14
23 32
5 36
35 37
23 47
33 11
69 75
16 11
34 78
47 86
76 89
47 2
62 32
45 27
32 58
62 80
71 57
18 2
31 29
70 25
52 78
36 51
18 90
93 51
84 1
16 72
89 81
0 7
79 38
97 65
8 51
91 28
16 26
86 6
37 74
57 39
63 4
84 73
45 97
49 66
7 79
74 45
4 25
11 50
74 18
61 25
57 48
70 66
8 42
54 83
35 22
48 52
77 3
22 79
92 77
40 69
54 29
20 39
66 84
81 13
33 28
57 92
78 81
40 79
89 96
0 65
99 0
38 99
2 81
96 22
59 99
88 49
61 3
47 10
94 36
80 98
83 66
38 42
0 39
95 14
14 6
8 59
91 89
77 27
1 74
39 8
43 38
79 41
23 57
72 98
66 60
51 60
90 60
31 80
46 21
40 91
89 15
61 77
63 44
18 56
19 42
49 45
79 71
41 65
68 30
46 70
