112
11 38
21 24
94 2
28 51
8 44
45 77
56 47
26 84
47 32
79 30
96 45
68 94
58 16
38 63
15 10
61 91
36 31
65 42
40 86
53 74
29 33
49 21
14 33
91 16
14 65
3 89
88 57
91 85
47 7
24 99
4 0
76 76
59 61
28 75
36 10
48 49
85 34
7 17
59 76
92 68
97 85
3 82
50 97
43 3
31 54
21 79
29 13
11 2
24 93
13 55
44 88
54 61
59 96
37 58
12 24
42 39
22 69
56 55
29 24
35 77
49 79
69 4
82 98
85 0
66 18
85 17
0 14
1 73
76 66
63 34
94 31
99 66
75 90
4 51
96 95
70 58
13 99
95 44
98 10
52 0
79 4
71 22
34 99
8 72
54 30
77 39
2 44
22 8
17 84
90 80
24 49
97 52
83 14
85 65
43 25
32 37
38 92
59 81
40 65
16 96
93 3
64 50
55 64
7 7
61 20
57 37
28 34
22 59
87 24
33 48
35 82
33 67
