111
12 50
27 96
19 77
40 90
86 26
82 0
91 57
3 50
97 95
18 63
51 39
58 60
70 14
93 74
11 11
75 76
39 68
93 17
94 48
65 82
83 82
90 7
9 45
19 55
49 12
28 10
0 84
67 29
7 28
26 42
74 94
23 28
73 34
90 40
55 10
15 86
57 53
5 13
32 69
45 76
0 58
46 90
96 1
37 35
67 73
89 67
50 46
22 20
56 12
10 4
15 41
46 66
7 81
9 64
39 1
35 53
65 46
65 97
1 29
42 27
71 0
25 4
12 98
51 99
82 97
96 88
42 18
1 77
99 69
6 30
96 27
34 99
61 86
84 63
68 20
32 85
53 74
69 6
33 39
2 67
95 12
20 95
34 6
53 4
22 72
88 31
29 53
82 53
43 59
36 22
17 1
20 27
51 43
67 94
39 83
87 61
81 35
75 80
15 80
4 62
76 6
26 58
79 29
35 14
14 15
22 87
42 45
5 53
21 48
8 23
13 78
