111
65 64
95 80
58 36
91 43
11 64
66 86
74 47
7 87
30 5
16 39
22 84
26 23
39 82
39 34
87 97
73 24
75 63
80 39
49 32
13 4
87 19
42 57
20 53
12 25
36 99
1 74
53 92
94 11
10 42
73 16
62 50
36 63
25 80
38 6
66 78
44 48
3 95
26 49
55 22
67 96
51 63
87 57
7 65
89 34
78 95
28 94
21 69
73 31
48 87
69 50
20 27
52 40
25 41
82 8
18 12
12 50
22 63
59 92
18 35
70 38
64 3
41 20
2 14
80 81
98 87
1 36
45 6
99 31
78 0
89 66
17 98
61 7
6 0
0 28
35 35
7 80
90 51
6 50
94 94
63 72
83 2
86 76
99 38
43 73
9 99
74 66
21 1
45 95
49 21
53 37
47 54
4 57
19 6
66 82
67 47
80 18
10 18
22 87
32 16
83 47
8 90
17 21
4 34
54 31
30 33
83 30
72 77
73 52
21 45
59 46
13 57
