113
48 48
18 97
82 98
82 40
29 11
49 34
51 18
39 89
79 71
54 96
7 5
82 23
15 69
69 0
67 32
83 6
34 17
79 88
40 36
75 66
91 22
2 8
50 87
38 10
38 28
36 65
14 21
89 56
97 72
27 44
28 77
49 71
74 52
66 95
96 54
7 97
6 71
64 64
23 34
59 44
77 20
33 58
58 4
61 18
24 80
36 0
88 72
35 89
30 42
72 27
73 9
75 57
69 73
50 41
93 64
26 71
29 31
94 90
98 3
14 54
7 46
0 18
3 89
99 18
1 64
21 6
50 2
97 96
87 41
22 96
3 4
93 4
63 74
62 96
16 59
49 62
2 78
16 83
49 19
42 75
80 89
94 86
53 85
67 50
91 1
33 50
95 49
99 68
51 99
90 27
42 3
55 21
63 35
27 1
74 85
99 10
44 41
67 8
81 12
76 50
60 82
27 19
9 76
14 13
80 83
86 31
79 66
68 94
52 13
73 38
58 16
88 59
92 17
