113
21 59
78 49
84 63
20 53
15 78
88 34
74 8
45 45
23 97
44 73
96 54
25 11
65 55
67 35
76 76
94 76
68 7
41 34
36 51
59 58
28 65
13 64
67 67
88 95
12 31
6 92
59 91
53 13
92 18
3 42
27 29
42 4
72 97
38 86
20 3
73 83
5 59
2 85
77 18
77 45
9 99
14 20
49 69
74 3
34 97
82 94
38 48
18 37
33 71
61 14
50 78
51 53
79 53
15 11
24 50
60 4
33 47
19 64
70 62
66 47
3 1
37 19
98 16
96 83
53 94
94 36
17 82
53 32
3 45
93 50
2 28
55 96
90 69
97 33
3 75
64 85
19 99
46 18
29 26
3 9
74 35
82 20
62 21
31 81
19 5
51 3
58 98
29 15
59 81
6 61
27 30
7 42
98 44
79 26
65 36
87 80
42 82
53 26
41 59
12 83
68 16
81 65
3 34
24 35
55 67
66 77
36 77
13 75
89 28
17 28
53 84
73 54
21 76
