164
33 99
96 61
32 51
53 84
7 15
86 72
23 40
50 34
86 42
74 6
11 49
63 64
35 77
99 28
56 10
26 26
47 98
88 86
72 68
1 19
74 49
93 56
94 34
31 37
80 64
17 23
48 87
17 47
30 41
88 0
70 22
15 78
72 83
42 20
50 49
81 99
65 37
0 86
9 65
25 64
33 5
16 1
90 15
8 35
47 64
98 99
2 0
21 91
1 92
80 29
48 0
0 34
30 2
33 82
98 2
57 98
56 26
72 98
67 0
98 82
57 49
49 68
0 71
24 67
42 16
16 4
0 54
16 81
24 22
82 13
32 55
86 91
62 82
24 97
7 93
80 36
43 35
97 75
62 58
0 39
79 50
39 99
96 17
65 21
64 39
0 15
98 42
1 77
38 77
50 5
46 20
63 79
13 63
65 5
5 0
96 18
40 63
79 85
24 17
96 52
46 40
83 0
79 55
40 0
23 2
8 20
74 16
56 53
54 70
22 83
95 90
8 58
16 38
86 34
62 93
56 19
0 4
42 49
42 93
71 35
31 19
63 72
96 6
40 67
1 29
16 53
90 65
88 96
26 36
57 33
88 18
8 79
72 93
40 6
71 77
26 56
57 92
65 49
16 16
26 5
48 80
82 44
40 39
66 14
31 26
91 56
33 70
7 86
58 64
86 30
46 15
9 43
10 29
6 5
66 30
32 62
80 94
22 76
54 78
48 31
24 50
70 40
56 44
30 12
