112
47 79
61 96
92 84
39 6
75 56
33 67
69 1
7 47
93 29
32 40
73 32
85 68
18 62
32 98
69 70
3 33
59 12
47 94
43 49
17 31
47 71
90 25
80 72
27 38
79 92
9 16
24 84
10 76
83 7
60 52
0 66
88 43
89 10
35 9
64 31
62 87
75 97
32 63
18 92
7 6
31 83
52 16
21 24
96 77
74 50
49 53
66 80
80 21
86 98
15 9
64 6
86 58
68 37
17 40
70 66
37 61
86 51
77 40
41 75
45 58
46 29
7 97
25 19
98 62
3 51
22 3
98 97
98 13
72 18
55 30
48 44
42 96
37 0
24 53
25 99
99 59
46 19
2 20
3 75
30 24
58 95
51 73
15 84
96 86
2 40
66 51
10 56
89 32
14 1
99 22
34 43
10 33
60 26
71 99
73 76
56 91
17 55
22 76
32 0
52 38
39 82
94 56
88 84
65 78
38 33
7 67
70 23
79 54
7 23
88 80
14 48
47 64
