106
83 34
52 32
16 17
33 97
23 40
64 21
72 63
22 95
52 49
33 64
66 77
11 69
22 4
93 24
84 93
90 47
44 9
68 56
45 62
39 98
13 28
92 98
55 76
93 31
56 41
35 88
60 49
4 54
97 63
23 80
56 92
84 74
18 56
32 22
98 94
24 75
42 0
99 48
1 27
67 29
5 62
25 56
86 19
82 64
71 43
97 86
20 37
46 46
12 49
21 89
10 20
12 76
60 69
36 60
97 41
35 7
74 27
91 88
74 71
86 42
9 64
17 67
5 1
57 1
86 3
4 91
70 91
47 76
37 39
1 88
68 2
96 9
3 5
46 23
62 15
77 91
61 94
27 19
96 72
3 48
28 2
35 32
85 50
1 20
94 15
6 87
41 94
9 35
50 4
69 57
56 64
30 78
33 54
60 30
2 77
58 14
77 41
72 20
19 52
26 7
8 10
54 67
98 46
31 60
66 43
65 57
