113
69 91
10 72
24 81
68 65
57 49
19 47
11 59
28 11
4 95
42 52
64 34
51 79
42 5
62 4
94 91
80 79
77 19
81 3
89 68
22 88
43 17
42 61
69 76
93 50
35 97
97 26
49 33
13 18
30 25
37 75
78 36
11 4
2 80
89 11
19 39
41 36
28 51
81 98
94 41
66 60
19 96
67 18
95 69
58 78
88 0
34 5
1 66
5 11
43 81
88 91
27 79
41 42
19 10
59 87
87 43
86 77
13 46
24 88
77 89
30 35
50 98
3 28
74 51
56 50
5 46
90 26
82 63
1 95
26 66
20 25
80 38
63 25
38 90
99 52
53 94
55 72
95 90
28 59
18 1
93 15
1 58
57 99
1 81
98 57
12 68
59 43
28 21
80 64
5 36
27 5
87 8
34 64
52 57
79 28
42 33
78 49
78 80
5 89
39 50
61 69
15 74
82 13
9 52
69 38
20 83
84 52
84 36
36 46
21 61
29 13
53 43
28 83
63 48
