107
79 90
27 94
29 31
46 29
39 68
75 66
0 91
62 88
97 80
65 41
61 17
86 39
96 9
61 65
31 7
52 49
40 85
19 15
35 59
62 95
30 40
52 63
10 74
77 5
85 55
21 63
12 46
45 99
48 11
7 23
89 71
97 88
94 0
89 16
13 40
5 99
60 32
5 68
1 48
38 54
26 82
66 45
32 21
46 89
60 73
15 12
64 23
18 86
72 47
43 15
24 36
35 65
92 5
24 4
41 46
17 93
17 30
35 74
98 48
79 26
76 97
52 3
78 82
94 24
99 96
98 63
4 9
18 62
47 32
34 1
78 20
75 74
68 8
85 35
80 60
61 81
7 40
14 55
32 92
98 71
49 73
79 52
95 57
33 17
58 48
19 69
12 83
54 96
84 89
52 56
50 17
15 22
69 38
25 77
71 54
65 84
82 81
51 79
89 49
39 29
33 81
71 40
23 27
36 13
90 64
26 63
41 19
