108
76 57
83 25
47 46
4 20
25 95
90 12
64 89
98 80
61 39
34 82
50 69
78 97
65 2
3 97
4 65
56 18
87 71
44 3
41 90
39 10
39 43
3 4
10 46
62 54
27 54
23 36
10 81
98 47
95 33
65 75
21 72
82 78
73 19
31 15
64 35
76 60
98 4
13 25
62 61
2 51
47 55
14 65
73 6
13 51
56 74
86 33
27 73
45 20
98 16
16 33
47 36
90 81
71 84
42 58
70 27
82 61
18 80
58 27
67 56
78 69
54 46
70 48
11 71
17 11
94 99
31 30
41 97
55 88
17 99
73 1
58 6
87 2
40 3
75 43
20 11
0 69
83 94
4 25
33 59
96 77
32 39
21 51
90 17
9 94
70 19
37 25
45 69
80 42
30 88
44 83
74 91
72 75
22 26
36 45
75 13
87 21
32 95
55 68
18 43
61 42
60 16
64 79
84 85
39 40
53 54
69 41
25 45
76 80
