112
70 71
12 86
43 2
80 52
92 83
71 81
91 25
72 25
13 47
33 54
3 25
36 87
65 6
42 66
40 51
48 10
87 32
89 92
22 42
66 86
79 42
79 80
96 64
18 66
63 36
83 11
54 78
3 97
10 4
54 53
21 20
36 97
31 39
52 17
67 65
24 77
12 31
83 58
67 21
52 85
2 4
5 48
78 94
36 2
58 63
37 91
19 81
34 64
11 94
60 91
62 27
74 52
39 8
11 19
85 79
45 76
83 51
74 88
71 74
1 64
45 34
94 2
25 15
97 17
0 71
97 99
67 1
95 48
0 40
49 34
99 82
97 22
1 21
62 7
88 65
66 51
38 20
81 37
47 52
5 73
26 34
26 56
85 97
7 34
20 71
28 3
53 20
41 34
76 6
41 68
12 55
60 43
6 87
30 83
88 34
33 53
73 36
23 27
90 62
50 69
26 67
68 11
7 65
76 25
54 42
78 66
57 26
88 91
64 77
81 74
34 70
76 85
