113
14 28
43 19
57 97
20 4
7 11
61 63
77 64
95 18
86 91
77 47
6 59
8 73
50 52
60 37
80 16
2 78
41 25
39 10
81 41
87 82
51 23
55 64
32 76
97 66
22 96
41 92
65 22
96 45
72 97
35 55
99 99
50 73
68 50
92 30
42 4
41 33
77 30
10 52
90 58
28 0
17 72
18 88
80 10
55 91
80 95
44 49
7 6
33 96
3 21
49 94
88 97
69 19
35 87
2 66
80 83
33 18
92 71
85 66
86 51
59 53
73 33
65 80
98 3
24 44
1 94
3 37
21 28
82 2
66 8
46 78
8 99
49 0
99 17
4 44
22 13
71 64
19 45
32 38
5 80
96 51
96 93
65 96
54 9
60 42
99 76
42 57
40 40
13 24
16 56
18 99
0 52
88 32
67 74
59 11
51 97
18 65
19 14
24 85
49 23
32 3
56 67
10 42
74 54
84 27
74 39
73 74
45 9
51 38
90 20
37 22
48 64
73 25
68 60
