110
36 65
31 91
69 20
45 73
38 28
84 22
96 60
61 45
92 89
8 65
89 39
79 59
20 28
59 71
54 8
28 97
56 83
83 67
17 66
87 46
68 73
38 75
86 31
86 78
78 34
94 71
49 81
96 7
4 22
78 96
26 49
7 96
48 56
45 96
12 43
21 81
69 48
99 38
36 34
60 90
4 87
66 44
14 34
59 12
15 49
84 98
86 13
75 80
64 63
96 55
21 54
63 36
96 34
38 93
72 57
46 89
69 85
71 39
82 91
1 52
28 1
42 0
17 14
68 6
98 91
40 11
44 42
12 10
26 15
99 19
46 24
34 61
46 49
83 8
7 76
99 69
61 21
20 0
27 41
28 77
21 90
51 35
14 28
63 70
78 61
32 19
11 71
75 22
14 63
30 56
75 87
96 83
31 75
30 96
55 86
37 37
57 36
89 21
81 57
49 71
62 50
92 78
35 79
77 18
44 67
67 34
66 77
25 69
50 80
57 76
