99
73 62
39 60
54 27
76 24
22 68
26 79
23 30
63 38
55 70
73 78
32 37
75 16
33 59
70 26
24 5
90 47
36 20
83 74
79 60
67 44
65 65
39 46
78 30
20 58
31 27
67 55
7 70
9 28
42 88
38 74
12 19
45 15
28 6
99 53
54 67
83 81
24 41
20 76
87 18
63 16
84 36
60 47
15 27
58 32
35 51
40 25
49 60
27 76
70 71
19 21
83 22
69 61
62 24
34 65
58 56
60 63
9 99
28 94
6 55
0 2
65 2
46 5
45 91
2 71
71 89
46 40
91 69
83 44
21 50
52 75
25 90
10 36
67 85
11 79
19 62
32 9
84 60
74 10
69 41
49 75
35 80
29 34
43 18
61 42
43 35
43 54
19 82
82 55
59 80
29 23
17 35
11 70
64 38
78 73
28 64
38 34
44 60
63 27
61 70
