114
62 49
14 86
95 30
60 9
3 45
40 78
17 29
92 57
65 88
57 27
47 57
45 8
74 77
79 9
12 56
62 2
10 95
54 83
83 57
90 7
27 79
72 86
82 68
39 35
46 95
28 47
12 72
79 26
88 95
85 42
31 5
32 93
27 70
39 59
65 29
46 37
15 53
3 67
85 92
57 47
6 42
97 14
39 10
41 80
74 17
74 55
42 29
78 72
61 23
88 53
5 76
57 88
18 43
18 82
80 19
29 33
49 31
61 83
3 53
99 44
94 79
3 15
16 0
57 69
20 15
3 98
70 37
1 31
25 97
64 65
98 75
26 65
0 83
70 96
98 25
42 60
47 2
7 18
41 15
23 1
80 40
26 25
48 47
34 98
97 55
18 59
59 13
44 76
89 87
60 97
9 28
15 87
63 40
22 39
30 90
87 43
58 61
78 63
82 12
56 18
26 70
90 71
36 25
10 68
66 73
82 87
31 11
71 44
34 83
14 43
48 65
59 75
51 25
84 76
