113
44 19
13 71
45 76
67 54
6 9
92 47
19 68
74 6
62 86
83 30
9 24
78 79
3 61
32 60
93 8
53 69
96 31
87 46
71 72
65 44
18 57
22 29
74 61
82 13
64 61
17 86
49 48
27 3
39 33
46 91
91 87
52 6
59 20
24 44
79 95
37 16
67 2
21 13
58 99
36 80
74 17
2 20
46 59
55 46
9 74
30 66
14 0
39 11
77 24
31 25
69 97
57 82
97 42
62 8
24 79
30 11
60 53
39 68
73 84
99 73
1 89
28 99
11 99
93 60
97 25
17 43
64 30
3 35
0 3
44 96
3 87
73 41
40 43
95 65
15 27
9 57
55 34
1 98
0 25
21 88
36 36
51 97
88 78
37 88
83 50
94 21
15 11
45 19
76 65
64 78
22 95
81 44
24 62
5 64
78 15
55 62
36 52
90 71
14 9
26 39
42 82
85 88
17 24
61 76
46 8
30 17
68 9
82 19
13 90
7 14
15 60
48 82
87 26
