113
82 6
8 77
37 10
71 80
57 18
55 64
14 30
39 69
51 95
41 49
54 36
16 96
10 6
85 85
86 15
42 18
64 26
45 2
70 3
51 17
47 28
23 44
64 46
95 75
90 36
84 56
10 58
25 84
65 99
75 57
27 10
98 15
1 76
44 98
78 20
84 71
27 53
3 51
81 94
45 75
5 25
87 1
31 26
70 43
22 75
71 29
89 62
6 85
31 39
51 90
93 83
70 32
89 28
71 9
12 47
79 77
77 66
58 23
96 97
30 99
14 1
35 85
98 39
61 61
96 0
21 16
11 63
67 98
1 37
3 11
55 40
20 30
39 66
85 47
99 23
55 57
20 89
16 65
7 15
38 26
71 64
1 31
99 18
27 48
57 11
48 44
83 41
3 1
73 3
7 44
3 58
81 16
97 33
85 92
16 71
20 25
20 7
70 72
43 8
50 60
88 57
74 29
93 76
12 86
78 84
45 33
56 47
41 12
92 5
27 17
63 17
89 20
48 23
