108
43 64
47 49
53 16
89 80
20 26
31 65
1 41
64 33
80 42
2 56
78 91
70 54
48 89
11 2
96 13
38 24
54 31
47 5
10 28
58 88
37 91
44 69
74 36
74 5
92 34
62 71
18 44
88 59
3 92
16 78
2 73
18 93
40 10
57 63
23 92
97 42
95 67
3 23
22 42
20 7
91 7
65 5
60 97
83 93
45 50
32 58
45 30
60 32
1 67
79 10
44 84
55 8
12 42
72 45
58 56
50 22
48 41
26 85
13 88
97 92
78 69
68 19
82 24
2 8
25 10
37 99
24 27
90 99
99 9
94 76
85 53
1 14
0 81
75 97
0 53
41 1
25 3
41 46
79 1
79 83
20 42
35 28
47 75
77 24
61 47
32 76
9 69
76 64
10 8
36 49
60 7
38 63
6 31
33 94
38 4
57 17
89 82
84 32
68 30
17 12
40 77
76 15
12 79
54 23
68 45
55 37
47 59
49 13
