110
87 49
66 57
6 14
63 84
40 84
65 16
29 4
44 23
8 69
45 49
13 87
92 74
6 37
85 8
2 56
35 66
86 91
35 34
72 43
72 21
92 70
76 4
6 63
42 32
46 4
75 75
24 50
35 99
4 0
96 36
82 33
16 92
86 18
82 55
61 59
16 50
44 67
69 94
98 60
26 29
50 47
22 83
14 36
74 37
83 1
71 80
96 51
32 49
88 38
38 78
52 61
69 9
30 91
24 37
91 60
35 41
98 2
2 89
13 17
53 8
27 21
89 96
55 93
99 84
25 6
11 0
24 75
86 23
77 70
51 26
65 35
38 63
0 70
16 96
58 69
45 83
1 48
40 2
84 86
20 66
97 38
60 6
55 24
20 59
72 72
70 23
98 90
73 51
39 9
80 36
19 6
22 59
10 43
41 27
37 84
76 90
61 74
13 77
54 12
74 68
94 31
80 9
45 41
20 90
71 29
31 81
11 68
77 47
78 76
78 22
