109
63 8
89 53
30 81
7 64
48 32
64 91
42 90
68 25
20 40
72 54
22 20
39 66
53 49
2 11
87 76
34 35
70 32
79 73
50 25
50 84
12 5
7 73
64 46
42 31
58 64
7 27
96 18
87 3
16 84
32 52
32 10
99 70
10 43
64 2
42 13
75 17
78 39
50 77
24 25
4 22
1 2
20 79
81 53
33 86
49 94
58 15
40 6
14 61
51 39
60 22
35 77
34 29
13 21
70 47
12 70
38 42
91 95
17 98
97 35
3 90
78 87
97 50
81 3
96 96
0 58
27 55
25 98
99 11
71 74
44 60
50 1
5 48
88 30
87 61
56 79
29 3
98 86
18 42
42 98
95 4
5 1
21 69
97 56
95 28
46 5
49 63
85 17
70 62
30 58
55 70
82 72
36 16
12 35
56 34
3 70
26 73
95 44
53 18
8 7
4 56
29 90
27 31
79 58
44 66
67 16
12 50
25 29
41 27
88 49
