112
18 76
48 80
82 75
13 90
40 12
32 59
58 42
68 20
27 28
34 43
57 95
70 55
15 53
84 60
55 4
38 73
46 21
58 34
72 13
65 32
47 55
13 10
86 97
3 39
4 62
87 18
97 36
41 99
4 79
24 99
0 16
70 87
87 82
5 0
86 49
68 63
93 34
46 61
29 44
60 97
72 48
25 75
7 45
90 68
72 29
42 22
15 62
49 41
51 86
39 59
50 10
21 83
58 53
23 48
42 69
15 68
9 55
44 55
10 75
63 39
42 8
98 0
11 26
87 10
24 20
60 75
39 98
95 97
71 5
98 19
80 97
80 42
36 88
9 31
36 3
15 11
75 71
55 2
93 65
62 18
97 33
0 59
92 50
61 68
29 29
84 21
19 94
43 31
40 0
6 84
4 23
61 76
80 79
32 81
5 6
33 95
1 67
25 58
17 43
51 27
71 27
23 30
43 47
56 68
61 16
90 43
83 68
47 75
28 89
32 64
24 35
18 78
