111
58 45
88 71
65 79
43 43
38 5
3 18
63 21
79 76
19 72
98 30
47 61
39 91
36 30
33 63
82 55
29 46
13 59
58 84
10 75
57 36
30 2
88 29
6 13
60 67
44 29
35 56
16 94
92 44
73 98
87 96
24 18
52 4
15 52
68 62
19 4
50 14
29 77
46 78
98 49
2 3
49 24
66 37
77 61
11 47
67 51
21 87
51 55
76 84
32 31
34 70
88 64
22 47
49 88
53 31
30 37
25 67
44 50
60 55
37 40
97 82
73 4
92 8
14 29
0 91
77 19
59 99
78 40
91 97
59 2
2 77
97 16
2 59
72 33
62 16
25 96
18 28
77 13
44 1
51 99
14 45
48 71
62 70
92 91
37 90
21 10
98 18
66 84
4 63
89 49
24 81
99 39
83 19
35 21
7 8
9 23
12 73
29 61
49 22
71 27
52 38
62 88
69 12
23 33
88 35
29 53
50 59
19 80
29 51
52 45
25 75
45 38
