103
3 3
5 93
20 32
43 80
28 60
1 73
20 82
15 47
43 55
35 7
3 33
37 40
15 18
5 57
43 20
18 1
33 95
15 67
1 17
20 48
1 92
27 80
33 1
42 25
3 31
1 53
35 68
5 78
25 17
47 3
42 95
25 32
42 75
13 95
9 3
20 67
5 17
40 47
3 39
28 55
20 17
24 3
35 33
43 60
27 85
45 87
45 43
42 3
1 62
15 88
18 40
2 25
42 65
35 18
3 8
5 47
1 83
32 90
18 25
30 48
43 70
22 75
5 68
17 5
30 17
40 32
45 32
20 93
45 13
20 58
28 70
30 33
35 47
10 33
40 88
10 62
10 18
10 72
10 48
10 88
22 10
25 92
27 65
25 48
40 13
15 32
32 75
13 80
12 55
32 25
35 83
27 40
35 57
30 7
12 10
48 50
0 47
2 85
13 62
8 40
7 25
23 25
14 74
