111
70 74
76 28
30 15
60 59
65 10
49 43
83 63
51 6
87 71
41 62
56 92
48 75
80 96
4 23
29 33
20 89
97 47
40 46
24 11
20 37
77 61
54 33
71 86
60 41
80 67
95 23
85 8
3 55
1 72
18 64
27 52
39 77
71 6
87 88
86 2
14 24
14 96
76 34
48 21
9 80
87 23
38 7
89 80
30 24
32 60
10 61
65 3
75 53
71 98
43 36
17 17
68 36
55 49
91 60
35 54
18 24
80 75
86 53
35 93
1 2
2 41
51 89
29 74
38 0
96 93
3 37
44 20
4 86
98 61
19 50
28 92
90 9
55 56
55 71
14 8
83 48
73 22
9 38
35 38
31 90
38 61
4 81
91 94
60 87
8 54
71 0
58 16
82 39
64 44
94 75
79 18
23 85
27 2
34 24
6 12
62 30
17 51
46 29
83 4
79 91
46 63
14 33
33 46
81 25
29 67
55 44
4 51
78 82
39 15
21 15
86 62
