115
21 32
1 52
77 33
55 46
21 17
9 56
20 85
68 82
96 6
1 30
84 95
67 44
91 13
63 72
86 31
90 88
66 92
21 51
24 8
15 90
88 40
82 32
51 15
40 97
47 65
71 6
43 80
54 29
8 72
84 73
10 41
35 25
25 37
10 15
0 76
10 95
71 1
94 69
37 66
86 16
72 15
45 36
56 14
16 58
91 95
64 29
97 31
2 57
73 99
53 41
6 81
15 20
9 52
37 50
73 61
4 2
90 54
28 4
42 8
50 93
99 75
35 52
26 76
11 1
59 56
31 94
54 70
73 84
55 96
28 2
71 67
34 20
0 5
45 83
84 55
23 65
74 44
99 7
10 75
82 79
25 40
35 73
36 18
52 49
68 26
17 95
67 86
93 44
81 17
97 21
39 68
52 82
0 45
59 32
27 33
36 91
13 38
22 85
29 37
25 56
84 88
57 46
3 66
36 88
93 35
78 28
46 15
20 5
49 78
59 22
36 59
11 86
23 24
68 34
25 10
