114
66 32
94 69
5 76
88 7
1 52
52 11
74 18
40 58
20 25
38 19
85 57
28 74
44 90
48 70
87 32
1 87
54 25
83 71
61 12
97 7
92 73
87 91
21 44
13 3
63 52
99 46
60 84
2 15
20 95
22 61
2 36
26 9
59 67
46 56
14 81
8 65
36 46
17 30
46 95
29 80
51 25
23 58
34 27
32 11
78 11
61 2
91 50
82 83
38 93
36 78
87 41
13 49
55 97
52 78
2 79
24 17
27 51
34 64
10 37
40 73
51 40
74 99
76 42
99 18
1 19
13 95
61 52
90 97
46 0
77 69
51 42
68 80
99 83
98 31
1 50
80 5
30 98
77 51
32 5
8 17
37 37
80 27
97 65
99 50
16 87
1 65
68 56
68 32
69 17
8 33
88 1
22 1
58 70
22 35
37 19
19 79
91 15
69 15
27 66
74 65
18 10
44 14
13 73
49 53
60 26
35 50
66 42
82 65
24 91
31 24
84 15
22 72
70 24
7 82
