107
28 69
54 58
71 37
50 43
78 50
85 1
4 7
16 42
72 79
92 44
0 98
17 86
32 55
67 93
84 16
14 34
2 85
63 33
71 21
58 96
60 54
73 69
31 48
13 10
75 97
9 92
32 94
98 82
6 52
43 72
56 13
99 99
44 26
34 15
90 69
99 5
46 79
2 0
91 95
70 14
38 35
58 68
3 14
40 54
82 26
52 38
53 84
69 84
23 90
69 35
79 7
34 73
62 19
51 52
76 35
80 16
45 46
7 66
96 29
0 30
44 4
66 0
18 2
36 99
98 19
21 65
84 56
54 99
50 0
32 12
32 34
74 64
9 98
11 20
82 91
56 17
52 98
36 57
27 4
12 81
85 46
12 56
33 30
69 54
96 87
94 6
32 84
76 78
47 29
16 95
34 71
50 75
13 3
87 32
25 50
18 75
40 90
66 68
67 82
61 10
21 8
78 60
53 31
71 45
45 61
36 49
63 88
