112
96 22
6 60
83 92
93 64
73 35
69 77
5 40
13 85
82 14
97 48
30 77
34 27
20 56
50 80
45 63
14 29
68 13
53 34
90 95
32 90
88 83
7 5
78 62
6 98
82 47
48 48
60 90
29 7
59 2
90 29
23 71
38 18
70 55
5 84
37 62
97 14
32 33
2 57
76 30
32 84
91 7
75 10
14 98
57 85
15 50
91 75
76 41
80 89
40 87
29 67
61 76
13 76
1 92
82 32
40 77
45 3
32 48
63 56
46 19
8 26
14 11
58 37
99 92
79 67
28 13
96 28
97 56
2 76
53 23
97 3
65 0
55 95
18 46
75 91
28 32
56 60
0 47
69 21
45 41
22 13
34 62
98 65
73 0
99 38
26 91
54 74
83 16
60 42
53 8
77 74
3 74
13 20
76 46
15 39
18 68
42 21
27 27
18 90
90 35
68 63
0 88
64 81
92 66
12 59
25 76
38 17
77 42
20 75
22 61
89 17
25 87
34 72
