106
25 67
90 85
49 50
9 74
8 98
75 34
34 8
62 13
22 38
86 25
9 66
95 61
9 47
60 51
98 90
25 27
34 69
72 12
74 44
80 16
18 58
95 14
54 98
8 9
31 87
47 29
78 77
58 80
48 10
34 48
99 31
15 9
37 86
75 65
62 25
12 91
2 60
48 98
37 19
88 59
60 40
18 23
84 92
15 77
44 44
25 6
29 94
29 45
41 4
89 77
16 53
63 69
58 20
55 3
90 19
3 69
20 32
24 52
73 26
67 15
97 0
3 34
88 40
80 0
64 96
45 74
78 95
0 6
56 65
48 30
73 59
92 43
51 80
7 24
50 94
65 87
40 64
94 5
64 0
22 99
61 36
47 1
30 13
36 43
26 73
93 91
59 62
4 52
17 86
83 78
87 49
6 77
53 48
35 93
71 70
51 24
85 30
23 17
12 45
34 54
23 70
55 74
44 14
28 21
85 69
58 88
