117
54 83
46 21
34 52
22 98
67 6
81 52
16 21
96 92
32 79
4 96
41 67
93 77
78 67
5 12
45 27
55 9
23 10
85 76
35 59
66 47
25 41
1 42
79 15
84 37
75 91
98 47
61 31
12 60
64 61
97 63
67 76
39 45
11 35
19 2
89 30
51 77
59 47
32 88
68 32
17 63
78 1
2 85
2 56
30 3
16 39
47 35
20 21
61 88
48 81
86 82
75 52
60 19
40 16
74 7
90 54
12 33
92 68
26 17
73 71
74 39
60 41
52 26
94 5
46 99
3 71
44 0
59 64
99 41
95 94
16 86
13 0
98 25
73 97
0 25
31 31
43 97
26 74
51 55
29 55
82 15
70 99
9 78
45 70
67 24
9 14
23 91
70 1
20 47
27 1
31 73
59 11
89 51
84 80
6 92
99 70
83 23
21 45
50 62
88 94
39 36
69 90
7 64
8 37
76 57
31 22
37 50
52 92
22 62
58 74
40 22
96 85
14 8
7 27
87 61
73 13
11 45
29 46
