103
53 86
43 23
95 3
58 61
42 96
59 97
82 49
9 62
25 94
86 93
12 46
96 76
0 77
23 72
28 11
44 9
68 71
6 33
82 21
52 25
49 52
70 22
32 98
7 7
62 5
4 95
25 58
29 25
65 39
98 17
37 80
98 56
35 46
81 58
5 15
8 81
22 36
51 35
46 4
79 75
72 2
43 58
86 28
62 44
25 77
76 41
72 26
61 88
92 45
92 7
20 18
38 27
48 80
13 62
90 82
58 53
62 79
53 67
73 53
56 31
36 71
90 54
12 76
87 47
4 1
79 96
7 99
98 37
0 29
59 10
11 48
19 91
29 55
45 0
76 80
15 19
29 15
72 17
10 66
19 44
75 71
50 36
96 25
46 94
79 35
42 8
13 14
54 20
65 57
28 63
34 94
2 56
13 86
35 50
68 18
42 37
67 66
47 7
62 36
44 22
59 54
58 21
20 58
