111
11 64
52 48
50 17
86 42
86 18
11 82
9 43
27 83
46 97
17 31
80 56
47 83
65 26
94 90
94 33
94 49
44 76
21 67
44 45
25 29
80 44
50 92
4 35
52 75
37 85
81 97
94 5
67 72
33 15
64 95
23 44
49 1
83 71
66 12
10 97
66 54
79 23
58 29
24 58
66 90
59 11
46 54
72 74
36 27
99 13
62 64
74 37
20 86
79 61
47 12
9 74
23 36
53 43
85 27
41 18
14 41
98 75
2 20
20 8
77 0
0 54
8 0
96 65
19 14
80 95
39 69
99 35
97 95
35 99
77 3
1 13
3 90
27 54
95 55
20 0
41 31
0 31
99 2
3 52
80 88
58 0
60 26
83 2
72 44
61 90
16 23
47 68
18 94
72 17
94 96
90 78
26 63
81 66
53 34
63 76
59 56
55 99
10 18
20 28
95 47
18 78
66 14
75 28
78 45
17 51
63 40
80 13
56 15
88 50
50 26
15 30
