112
19 94
3 76
32 56
11 24
49 27
90 15
46 47
92 53
1 3
34 13
44 3
75 58
35 37
4 97
88 29
72 89
40 85
62 10
18 27
95 8
6 29
11 37
20 79
55 76
14 59
23 4
63 24
81 2
50 62
88 67
69 75
38 70
45 88
58 62
29 42
11 14
91 43
6 81
5 46
20 64
81 53
88 36
57 85
25 88
24 23
38 22
60 17
95 60
82 15
73 68
43 49
37 7
87 1
21 57
65 13
7 70
29 76
32 4
22 48
33 65
24 16
44 59
95 91
69 45
84 81
62 99
92 98
98 82
9 0
70 28
60 48
49 32
51 1
5 91
72 94
67 4
98 12
5 62
24 0
1 12
8 45
99 22
88 83
1 30
44 24
96 50
76 50
81 33
66 61
55 46
21 80
8 3
0 16
50 18
40 44
84 38
52 68
22 28
52 7
3 27
37 2
85 23
72 9
60 74
37 36
59 29
19 11
18 33
38 27
46 42
17 19
46 15
