108
51 35
88 16
47 94
15 43
34 20
7 92
80 90
35 39
97 48
87 74
60 81
67 38
50 11
85 2
81 98
15 83
11 37
54 72
0 81
33 52
44 40
14 68
3 13
31 91
48 54
74 11
18 9
90 33
85 57
30 69
62 52
24 54
84 38
75 69
10 61
3 97
7 0
75 22
53 96
97 28
32 98
21 81
29 38
39 75
71 44
6 43
83 83
58 64
74 97
42 18
61 10
92 51
78 42
21 86
34 30
52 88
60 37
94 42
46 36
68 72
17 93
70 81
20 25
97 87
39 1
99 7
60 1
1 28
94 71
0 73
66 24
40 66
95 3
16 28
91 71
54 50
62 99
99 56
10 15
31 16
71 10
93 22
39 54
13 58
21 70
46 10
52 25
79 17
76 39
52 79
88 56
97 17
99 46
98 31
6 23
88 6
53 58
28 77
28 21
22 39
59 30
82 32
61 46
82 71
14 76
47 72
36 46
44 50
