110
56 59
55 76
29 13
69 36
94 13
77 35
36 53
4 71
2 25
65 22
48 45
30 72
36 90
97 68
96 86
21 60
59 35
38 16
63 12
39 61
28 5
55 23
25 15
76 1
80 77
69 98
37 34
18 30
98 31
79 19
49 97
7 52
42 83
3 79
72 93
71 0
91 4
28 45
97 17
64 81
83 66
4 67
74 21
38 98
48 61
20 24
45 22
56 49
21 6
67 5
29 66
42 46
90 15
65 33
70 29
46 4
18 89
73 55
4 8
2 94
90 53
1 39
97 39
81 81
7 0
99 64
91 93
34 32
20 82
83 40
55 96
41 75
1 14
84 95
67 58
59 73
3 85
86 1
9 72
31 47
79 41
39 32
26 86
26 69
81 56
56 90
76 96
54 11
9 15
92 25
7 88
90 81
0 69
26 51
34 12
53 41
43 68
22 21
79 25
50 86
73 84
68 15
42 53
51 71
28 78
35 39
73 7
91 28
30 61
35 75
