107
47 68
42 44
75 68
95 36
61 58
13 16
43 25
64 77
18 72
72 97
3 29
50 3
25 46
7 44
81 19
46 91
39 63
20 63
74 88
55 66
70 64
47 61
76 80
65 1
74 33
29 81
2 96
1 67
25 97
8 83
90 76
93 96
24 25
57 34
82 47
11 49
36 78
98 77
27 44
89 21
32 95
38 0
60 84
17 4
62 43
97 26
91 39
28 51
55 3
10 35
2 59
83 27
70 46
28 76
57 76
31 66
11 65
3 43
69 87
17 40
81 36
36 87
63 64
61 17
87 4
1 3
98 53
30 12
88 94
85 62
95 6
0 9
38 30
67 15
1 24
53 90
48 42
68 30
42 16
15 13
9 82
31 6
71 6
91 80
52 28
98 40
74 96
18 32
88 54
57 0
34 31
51 84
38 53
3 49
88 76
77 43
21 89
14 58
60 95
4 73
66 23
54 59
24 32
70 82
16 55
34 38
66 84
