109
7 75
59 66
94 72
29 70
29 19
5 93
28 84
91 42
71 22
12 9
38 53
86 93
81 11
84 57
15 33
39 9
56 76
60 29
35 28
37 83
87 71
6 85
68 30
69 14
89 81
66 95
8 49
61 50
48 37
95 14
54 85
32 52
9 27
75 56
20 66
50 61
94 32
31 5
0 12
47 42
18 48
45 12
78 3
53 26
18 87
7 3
77 30
1 90
25 22
3 76
92 8
31 66
13 70
81 48
93 61
18 56
9 98
32 58
19 26
16 80
43 97
72 72
28 99
71 81
47 99
71 98
0 51
97 94
68 0
53 6
97 46
67 42
34 0
99 18
59 13
69 56
86 27
56 82
36 83
39 30
86 85
46 56
10 25
49 20
99 10
22 36
6 44
82 41
98 68
6 67
4 12
34 86
50 77
27 13
75 58
89 57
82 20
99 82
50 44
33 27
33 72
65 66
43 62
44 37
64 80
35 6
67 18
8 58
18 14
