89
12 16
12 97
92 14
13 37
12 6
12 88
4 6
12 11
72 17
1 20
15 46
23 2
83 17
45 83
32 20
24 57
49 16
33 34
11 78
30 3
44 6
34 14
12 23
3 12
45 48
31 90
3 64
78 36
41 67
47 97
3 57
3 36
27 34
1 97
71 28
89 17
33 29
39 2
3 92
20 90
15 55
92 24
43 18
80 14
14 2
20 18
23 23
63 94
93 46
66 2
25 74
86 0
51 53
68 84
57 14
47 39
31 54
31 99
55 78
71 3
73 98
96 3
1 73
40 75
1 47
24 67
31 49
0 3
51 20
19 38
10 77
51 45
90 3
28 1
46 76
65 11
5 35
81 29
11 63
12 93
57 7
16 79
33 6
23 48
9 21
9 6
7 83
43 10
28 12
