107
17 96
50 53
2 58
34 6
90 76
76 86
60 61
24 42
56 38
98 14
89 31
18 3
34 68
36 24
60 23
1 42
88 51
40 10
34 46
13 34
26 67
44 28
91 20
25 9
87 85
33 12
52 80
67 2
43 93
15 76
96 63
74 49
1 73
18 48
71 95
15 91
20 25
61 17
35 78
51 73
77 0
58 89
85 33
31 39
19 67
10 56
66 31
5 35
60 52
85 46
81 89
92 28
78 80
45 74
80 26
29 46
33 19
92 99
3 19
75 66
2 83
30 84
92 6
59 0
77 15
43 57
11 7
96 57
13 97
89 70
65 70
50 96
99 38
71 48
54 9
17 20
50 35
70 34
93 93
77 97
5 64
20 81
65 67
91 14
61 15
39 87
6 38
24 61
40 64
25 0
98 71
64 82
22 95
39 10
12 82
67 53
87 56
27 32
79 80
23 17
15 40
31 75
25 52
72 83
56 29
45 82
32 60
