112
76 35
40 38
16 4
47 86
24 45
19 31
68 38
45 15
81 72
74 13
38 2
91 61
47 59
25 59
94 97
59 75
28 79
37 91
13 65
39 60
63 8
56 64
49 79
31 51
65 99
8 40
1 54
14 80
80 86
90 3
32 24
54 32
96 70
69 49
87 6
30 93
70 22
21 7
93 52
83 39
66 80
33 73
51 96
4 85
24 38
3 61
31 9
67 5
77 20
46 6
51 88
64 26
41 26
16 45
72 40
33 20
47 67
2 73
76 3
27 33
3 15
96 31
6 99
1 1
4 32
60 50
78 55
80 93
97 78
45 43
92 13
20 63
2 36
18 89
17 8
81 74
60 1
66 83
66 63
32 77
35 95
86 99
0 22
90 54
50 21
59 34
6 68
18 79
82 34
65 91
84 1
83 79
30 49
52 35
53 57
40 99
38 37
24 3
7 9
65 0
45 83
84 48
85 69
69 19
38 9
16 70
10 36
62 45
23 17
22 49
84 15
29 88
