104
8 3
65 15
36 91
43 5
69 84
24 48
55 53
23 1
31 62
99 81
46 72
55 94
30 30
80 16
17 20
6 37
62 39
82 26
54 15
34 96
55 83
3 10
34 22
51 49
71 12
89 21
13 42
2 94
86 46
0 57
16 95
12 81
16 66
85 77
97 33
83 72
36 39
95 49
73 39
48 2
36 82
93 9
72 84
48 19
9 23
7 84
71 28
33 11
53 39
93 87
27 71
18 6
94 18
73 95
57 21
26 96
80 10
22 41
9 17
28 80
23 21
54 6
57 48
47 86
64 26
16 30
64 67
97 67
93 95
15 60
0 63
45 64
72 49
89 0
84 59
6 77
41 48
29 56
41 99
83 40
70 70
86 87
91 64
41 68
17 46
32 5
39 33
61 81
96 24
55 65
77 46
78 30
11 67
76 77
92 71
62 11
32 70
48 8
7 29
14 51
32 46
92 32
22 11
41 9
