118
91 60
54 65
89 79
62 32
12 39
63 69
50 21
73 19
40 50
9 91
36 3
26 26
5 12
73 42
32 39
55 9
82 65
9 43
10 9
51 74
48 57
69 25
82 5
54 96
96 34
11 72
87 93
69 94
3 58
26 92
4 27
99 48
22 12
73 99
29 55
35 91
61 49
44 27
2 86
67 6
98 65
86 12
65 79
18 26
3 1
21 94
81 57
49 36
3 78
25 5
79 97
7 50
11 26
29 47
27 32
76 18
40 40
99 2
37 68
17 68
39 2
80 79
48 97
37 69
39 85
97 27
83 43
97 79
66 55
98 41
51 94
5 96
68 71
45 81
51 3
36 20
21 52
65 87
0 30
0 72
90 20
86 93
59 7
23 62
50 61
71 35
10 0
31 83
98 74
53 21
33 17
17 85
83 72
1 16
91 40
68 19
67 40
14 46
18 89
18 6
16 64
51 81
32 18
55 32
51 12
90 53
82 13
22 51
77 67
32 85
54 70
8 29
11 82
16 16
49 13
59 24
34 32
26 20
