113
52 25
77 52
73 26
53 83
45 49
72 78
57 54
39 41
24 36
91 82
12 86
54 0
33 80
6 63
36 22
18 55
77 37
56 35
79 23
26 22
41 35
44 75
35 33
41 97
63 99
36 6
90 60
2 9
64 15
10 35
95 2
69 64
98 95
25 92
99 74
3 84
73 93
88 11
20 15
47 67
49 97
6 69
76 77
22 66
2 15
89 46
37 51
59 46
19 82
35 94
63 83
29 46
88 54
68 41
14 28
29 27
24 30
48 42
78 47
13 0
1 99
68 1
5 49
87 96
94 39
50 5
30 4
0 25
50 20
81 7
77 96
35 77
59 69
2 0
20 73
1 65
65 18
22 51
43 64
88 85
16 8
97 46
33 99
82 99
64 62
57 30
20 57
83 61
34 10
6 29
58 80
78 68
44 7
47 61
62 35
69 22
20 8
82 37
14 81
56 50
23 41
56 78
43 25
57 14
16 18
17 59
81 93
77 54
49 78
24 77
63 52
25 36
63 27
