117
64 2
28 91
45 91
44 44
86 28
31 2
73 64
2 8
40 77
75 37
7 87
98 29
74 7
58 10
71 50
47 72
95 21
13 60
61 88
27 65
30 41
15 20
94 80
63 29
4 30
94 96
34 25
45 1
40 59
96 7
70 64
8 4
22 80
18 50
61 36
21 33
53 13
96 74
78 1
68 20
5 78
82 83
1 22
98 94
82 44
57 95
40 7
61 56
55 81
32 57
29 86
85 18
39 42
94 35
77 58
17 58
42 69
70 34
22 91
8 25
58 17
52 4
98 59
1 51
54 55
26 11
75 84
2 99
0 37
42 94
91 60
83 0
18 76
3 62
61 76
3 3
93 45
46 38
14 41
71 93
88 67
90 14
15 93
25 71
35 99
95 89
62 74
16 12
7 64
56 28
5 44
39 14
59 0
26 31
83 81
19 47
44 87
80 24
68 69
74 43
85 53
37 62
91 66
5 60
88 12
16 77
49 65
34 48
80 39
86 93
70 55
12 46
68 84
76 70
59 62
18 72
17 86
