116
28 65
14 12
12 48
35 11
36 71
78 90
21 96
37 26
79 60
7 80
68 47
29 40
78 16
63 71
12 3
12 61
34 79
83 8
22 88
66 91
68 35
22 42
88 17
48 42
98 83
52 88
12 29
52 6
97 58
66 0
92 97
84 31
6 96
38 93
49 7
42 67
84 70
14 66
63 30
29 24
79 45
49 34
0 57
2 8
70 69
11 20
94 26
7 45
20 82
74 97
47 96
29 49
38 78
67 79
29 16
8 35
71 9
59 84
4 70
42 85
55 55
93 1
93 50
98 29
2 98
51 22
87 74
28 57
65 99
93 92
1 75
69 27
48 50
98 54
99 12
62 52
0 93
0 19
52 70
36 99
79 56
46 51
6 42
49 69
21 73
92 91
53 3
79 38
31 31
55 29
65 44
14 17
83 60
93 11
78 22
29 94
38 13
36 63
24 80
77 75
0 82
17 32
51 85
2 25
26 49
41 48
74 41
18 63
36 33
19 12
50 12
18 87
37 25
13 43
36 77
44 76
