109
43 64
25 8
55 48
36 43
71 67
31 16
38 79
89 18
52 97
2 9
90 46
6 60
76 11
81 57
48 20
77 77
28 79
49 78
29 44
92 26
47 41
24 63
22 27
10 85
59 5
80 97
93 68
64 23
15 48
5 26
70 48
92 89
97 62
75 91
39 57
97 45
49 3
8 9
61 78
17 34
84 39
5 89
98 12
71 20
22 74
48 14
84 74
37 87
51 88
34 23
64 49
53 61
31 9
96 77
13 80
75 30
72 82
95 56
79 64
43 8
83 19
86 87
38 18
2 42
16 98
33 95
60 31
98 3
76 3
3 23
26 0
97 27
39 59
21 56
44 36
38 99
74 34
16 13
98 41
62 64
8 70
25 70
7 48
57 27
94 9
58 10
66 89
41 73
21 49
78 54
40 1
61 45
57 70
83 95
26 23
49 35
77 39
42 50
59 50
76 59
54 6
64 71
33 64
43 24
90 54
76 49
86 69
35 8
71 58
