112
32 59
86 14
85 91
82 20
88 84
65 42
24 7
38 15
3 6
17 44
48 36
63 92
97 68
54 22
49 90
52 68
70 17
74 31
38 29
66 75
82 52
29 82
16 95
95 46
3 51
8 70
4 34
61 6
2 90
98 98
42 54
20 40
18 10
68 48
67 65
89 70
97 52
26 72
34 88
14 81
80 34
41 58
71 10
75 90
52 79
80 76
42 35
8 12
11 30
5 95
20 61
57 36
28 1
14 48
32 50
89 97
31 36
41 68
77 16
94 87
66 34
33 63
99 24
92 1
43 1
16 25
55 54
45 98
3 66
95 38
99 7
0 0
89 65
51 2
72 97
51 17
77 50
2 26
33 21
58 92
97 15
4 59
54 74
82 70
7 84
7 1
42 6
45 44
61 67
71 55
95 64
27 66
62 40
16 89
80 44
91 9
20 15
28 28
74 73
5 45
90 23
31 42
15 75
5 20
40 73
55 65
22 47
47 26
87 79
89 55
73 48
31 52
