115
85 68
75 49
26 69
32 49
36 86
0 77
66 72
16 32
61 12
96 91
73 86
4 17
30 25
59 85
61 53
17 52
42 46
67 18
31 35
25 55
74 56
46 81
91 14
2 49
84 0
9 3
56 30
99 64
68 40
6 31
99 22
8 76
30 89
58 92
62 3
79 94
98 3
89 84
14 13
95 70
65 26
82 48
42 53
14 58
44 93
66 8
75 67
28 77
76 40
19 23
39 47
27 42
73 73
67 46
8 23
35 5
88 32
15 96
96 50
0 99
46 63
45 30
32 4
45 98
86 15
0 55
20 99
59 51
49 79
79 29
81 15
30 21
97 27
99 56
23 74
39 62
99 85
0 8
51 35
4 46
26 5
70 1
8 64
65 95
16 37
83 62
57 59
93 39
86 92
73 81
58 73
61 32
40 95
21 70
77 4
98 12
31 32
37 14
53 44
74 24
25 48
7 14
25 67
60 21
68 38
42 34
41 84
64 79
92 25
71 10
17 60
21 32
54 44
37 45
52 89
