107
80 14
35 28
62 1
44 60
56 52
66 35
2 4
95 57
42 37
7 80
87 37
26 16
73 92
98 6
48 4
33 84
30 6
56 34
83 28
37 19
31 38
42 28
33 99
76 67
0 26
5 62
53 99
99 82
47 76
99 21
60 84
70 49
69 19
89 1
4 91
38 51
84 70
7 1
68 72
18 14
24 37
37 66
5 54
51 20
44 80
57 89
62 61
86 33
90 78
59 3
52 38
86 57
75 82
63 29
36 14
64 53
46 51
65 25
78 33
45 9
45 93
39 72
49 30
72 33
20 90
20 63
9 40
98 90
12 18
2 77
28 0
23 74
4 48
75 48
8 77
59 68
65 5
90 41
37 98
11 95
84 13
97 76
14 25
18 55
52 16
83 81
78 62
16 3
66 93
34 65
61 75
90 89
94 26
34 82
43 53
66 9
84 63
35 23
63 49
15 69
53 81
6 87
69 87
50 5
45 43
69 63
78 74
