104
23 77
26 32
53 18
96 56
26 95
40 69
78 93
64 72
53 31
39 4
66 8
10 50
97 25
60 53
39 49
5 15
25 63
83 3
77 62
97 8
36 93
85 24
96 36
5 63
74 83
52 11
72 46
38 59
19 7
2 86
55 93
95 78
12 96
97 99
78 0
15 26
12 45
74 15
39 38
26 15
55 59
48 73
9 71
44 20
17 99
72 96
10 8
62 45
47 45
45 6
4 25
25 69
59 5
34 67
65 59
48 66
18 18
73 32
87 41
1 36
98 64
78 76
59 31
28 48
56 97
34 35
95 87
4 7
85 17
99 42
80 47
2 68
82 95
31 89
1 98
19 32
45 88
58 76
94 28
31 9
69 88
2 78
88 53
2 50
19 47
56 45
18 70
45 97
73 43
60 12
37 75
48 22
87 91
73 73
6 39
33 53
37 12
45 46
52 26
24 23
69 38
26 75
45 12
50 50
