117
34 61
16 88
87 13
5 84
37 25
52 71
0 61
13 50
53 55
18 36
44 39
48 16
8 18
94 48
93 33
93 72
33 89
21 55
87 77
26 97
71 26
69 70
0 38
35 9
67 50
56 29
56 93
74 97
72 11
6 1
36 75
21 73
90 95
80 57
60 95
47 41
17 19
9 99
97 65
76 37
66 64
57 15
14 4
98 80
52 97
79 71
41 42
94 54
63 49
44 73
77 23
12 80
75 77
20 11
60 9
88 70
36 36
49 46
49 28
63 19
97 2
1 65
37 1
3 22
76 3
93 28
0 0
57 79
28 48
20 36
93 0
0 98
0 56
35 97
71 91
23 22
43 59
92 34
16 56
34 83
41 3
86 15
62 34
83 99
77 55
69 6
74 86
32 24
15 94
47 89
18 78
14 39
31 45
99 57
1 90
53 70
35 64
63 54
39 18
30 93
85 49
96 39
72 70
27 76
16 14
68 69
13 49
94 56
53 17
48 80
28 38
55 36
56 48
75 62
42 49
47 32
81 64
