114
83 3
65 19
51 88
23 3
45 49
42 9
62 44
93 47
8 77
54 31
22 68
93 82
98 8
79 17
78 62
45 95
14 88
90 35
67 38
93 53
60 13
48 41
57 56
14 21
34 82
7 62
78 99
14 47
0 17
44 70
58 75
85 99
96 74
13 97
39 33
69 65
52 27
76 88
48 4
88 19
74 31
59 96
64 5
30 1
4 86
87 61
27 88
64 58
59 83
74 20
37 86
1 92
38 43
23 77
55 46
59 25
70 9
24 33
0 2
28 53
0 45
40 17
93 97
23 19
8 33
1 63
96 32
74 82
16 3
79 45
99 69
88 4
22 49
2 7
20 34
31 60
4 77
6 48
8 20
93 4
34 35
31 5
14 5
88 76
53 97
41 78
15 65
70 96
85 41
78 59
64 79
62 61
40 49
2 57
78 6
8 42
94 12
84 93
35 11
9 6
51 13
18 82
88 47
18 30
46 90
66 82
39 3
19 54
40 35
8 67
50 80
71 55
15 15
51 35
