112
54 10
7 28
90 83
65 4
49 16
57 75
42 97
32 62
12 95
47 63
88 16
54 41
59 90
3 68
77 46
26 26
81 88
55 56
60 23
9 86
57 48
95 38
87 66
24 9
43 81
18 52
28 77
68 35
40 27
68 65
10 4
71 98
12 33
99 19
70 81
92 45
78 24
11 18
97 77
19 66
88 8
26 32
83 74
84 98
74 14
37 88
14 44
29 18
2 78
43 72
70 56
26 57
88 23
6 22
37 16
80 39
44 92
63 9
66 84
76 64
70 22
61 73
67 49
18 30
37 41
28 99
84 1
25 3
49 1
91 52
96 96
11 53
47 30
0 87
9 7
13 69
26 91
41 58
95 66
95 85
98 26
75 97
17 72
55 25
97 45
0 19
70 7
34 55
66 36
38 75
82 45
94 80
28 12
44 13
52 86
14 81
49 55
17 38
38 30
92 17
14 15
35 95
64 25
89 95
47 71
75 87
48 86
63 28
39 65
57 38
55 15
64 20
