108
79 22
7 32
40 48
81 57
49 96
13 16
80 68
12 95
62 41
65 21
28 56
47 76
5 59
42 23
73 87
81 7
36 62
9 40
23 13
50 54
23 53
72 27
7 26
30 81
27 98
96 44
22 28
95 13
14 70
39 6
61 74
48 17
53 90
49 31
12 87
92 41
61 44
80 0
86 24
94 60
34 95
69 69
25 71
36 80
38 28
26 46
47 61
12 80
11 56
54 45
64 30
18 98
40 14
41 69
56 28
15 48
33 48
33 19
21 61
53 39
32 70
37 55
94 98
2 6
64 99
78 43
60 7
82 84
23 1
98 3
96 70
63 60
96 27
0 24
92 46
90 91
71 96
0 53
74 0
2 84
32 1
54 76
64 55
42 99
84 0
81 15
12 16
4 38
86 59
68 83
56 92
32 41
52 13
6 12
68 55
47 40
80 92
63 23
42 93
82 51
29 5
61 78
48 54
19 27
5 44
25 67
43 59
35 55
