115
29 87
70 73
86 56
26 4
4 67
58 91
40 65
76 29
6 29
15 14
52 57
39 50
50 76
2 5
11 63
19 81
38 84
70 36
19 7
80 67
47 26
26 56
27 27
92 19
83 3
48 6
96 84
83 90
85 42
55 5
22 35
67 92
37 40
26 98
31 24
84 94
21 49
65 75
26 73
52 35
5 76
77 58
6 57
11 19
79 72
57 97
90 52
12 54
71 60
7 5
46 48
22 87
73 78
7 14
25 80
63 84
77 82
60 20
8 90
99 87
91 34
78 10
38 99
60 50
79 25
33 10
93 74
62 5
47 21
25 64
47 81
44 97
61 36
56 58
20 98
71 99
73 44
41 8
20 33
35 68
96 44
96 77
7 50
38 46
7 73
6 25
54 73
11 0
61 25
52 40
56 8
33 14
38 37
93 91
82 27
24 42
44 79
52 93
20 66
87 70
8 27
43 62
39 23
81 40
30 83
72 92
31 54
34 40
21 71
82 76
52 81
46 41
91 84
40 78
73 68
