117
98 71
76 58
4 82
10 96
6 35
55 85
47 10
64 1
46 70
54 42
33 21
66 23
30 76
6 67
22 88
52 95
44 47
71 68
44 26
71 7
40 62
21 48
83 17
76 83
97 48
37 96
94 86
79 44
30 3
71 97
4 49
11 4
33 37
94 14
87 58
59 49
62 81
24 58
8 28
1 68
28 23
39 89
59 18
68 41
80 86
48 40
65 55
45 76
12 80
82 64
15 58
33 15
53 26
62 61
86 79
63 85
35 67
54 73
41 35
54 56
99 34
96 0
96 99
15 12
98 19
1 5
2 97
82 36
35 0
78 2
51 99
99 85
55 12
4 31
66 98
84 41
21 44
66 32
98 40
15 1
10 18
81 3
40 52
90 65
17 66
96 95
60 3
73 16
27 34
88 23
33 76
3 34
42 91
18 48
32 60
92 50
5 76
41 7
67 64
65 47
68 78
45 54
38 21
48 78
77 34
25 11
55 33
31 41
88 14
93 45
36 87
88 87
24 65
81 53
40 15
38 82
34 32
