103
72 14
66 91
7 27
46 16
7 8
38 39
87 28
79 61
75 80
31 56
23 26
53 99
88 12
3 46
16 90
35 1
0 3
57 17
70 54
42 32
43 46
34 17
79 14
51 15
97 80
94 65
87 45
55 77
32 70
56 53
21 10
98 17
70 76
40 67
94 3
9 85
82 85
61 5
63 89
92 51
47 97
21 36
20 1
21 57
8 16
88 72
74 20
60 45
26 19
83 68
62 96
51 85
32 42
65 19
85 3
47 6
20 21
25 6
11 4
13 28
80 56
14 11
17 71
33 94
56 31
28 99
44 62
7 42
41 81
66 68
95 41
8 95
62 37
9 49
26 85
81 38
25 71
98 66
51 58
49 30
21 86
92 24
78 92
29 50
2 32
61 73
66 33
71 49
40 4
89 83
42 70
93 5
61 95
41 25
52 35
93 15
27 27
76 63
56 21
33 10
89 57
17 28
14 21
