108
84 97
67 88
83 65
82 32
35 37
22 90
54 72
11 77
35 10
31 66
73 12
96 27
10 39
96 59
50 52
72 74
48 17
3 53
20 18
28 51
87 79
5 31
91 17
70 2
43 25
13 67
88 38
77 92
91 89
84 73
53 91
71 50
25 0
63 36
6 97
53 6
53 97
40 62
87 10
76 28
14 19
44 39
67 66
27 72
93 45
57 69
24 58
37 28
51 40
55 83
40 11
48 66
37 46
70 83
80 44
52 33
41 70
19 77
83 89
33 99
65 52
17 40
16 4
90 3
3 81
1 16
67 17
20 93
97 31
1 37
0 89
91 53
46 0
25 37
7 67
94 75
82 64
99 5
48 55
69 96
52 20
14 54
39 4
29 89
66 26
14 91
29 30
68 69
75 13
57 39
80 38
23 6
14 47
11 33
52 25
91 24
74 53
89 52
10 76
30 44
72 31
56 50
23 67
87 72
22 86
45 47
48 11
87 62
