115
94 58
68 13
13 90
16 11
77 97
42 13
50 58
46 35
62 31
4 40
78 63
42 78
31 24
38 49
96 74
75 13
50 88
74 84
55 38
42 28
53 30
91 19
1 23
33 94
13 54
93 2
95 44
91 89
80 36
32 64
15 28
14 70
63 94
1 14
18 90
53 53
93 28
46 9
27 49
55 67
83 4
23 14
83 97
41 5
90 51
97 82
35 87
40 42
82 15
10 12
71 24
91 44
22 24
54 7
49 49
26 0
0 64
63 73
81 71
19 75
43 75
76 50
1 43
60 0
5 83
48 95
13 51
77 69
97 10
31 1
11 3
66 79
19 96
60 98
0 40
76 29
65 39
76 0
64 62
59 16
29 51
96 19
29 31
2 7
11 76
94 79
23 67
40 60
66 39
40 22
34 80
31 96
77 90
48 74
83 32
26 10
94 33
60 11
46 2
95 53
49 81
25 82
1 32
8 52
33 55
74 94
43 42
41 93
13 24
59 45
82 55
89 12
31 17
46 67
79 24
