205
88 70
13 21
49 62
38 19
27 66
50 80
56 42
91 17
1 67
78 59
84 2
18 97
63 26
90 35
0 32
39 36
77 94
41 95
53 10
26 82
71 10
64 71
30 6
19 48
2 98
27 28
36 51
14 4
61 90
93 88
72 46
0 15
78 25
1 83
93 56
1 51
0 0
14 74
76 80
99 0
43 0
52 28
92 96
42 65
48 96
24 97
95 32
90 51
28 68
17 42
75 94
41 80
72 38
68 8
97 15
75 62
5 51
25 29
55 59
28 8
40 17
63 74
42 38
4 36
15 0
4 84
58 44
33 52
16 18
87 70
78 23
6 68
18 80
47 1
66 3
19 56
92 0
88 36
1 10
76 44
39 94
63 24
56 94
55 77
80 76
58 60
83 22
1 86
87 53
52 8
10 36
40 76
44 33
63 22
72 58
0 54
41 50
0 70
98 22
63 96
14 94
70 0
27 86
23 42
25 13
0 22
35 67
85 93
35 2
92 66
91 38
9 4
97 8
10 68
91 80
48 24
59 52
27 84
64 88
52 4
15 54
1 37
28 0
44 22
19 24
72 73
6 18
29 34
76 6
38 46
76 37
5 90
58 36
41 74
41 90
78 86
50 58
29 58
86 74
93 8
65 18
15 62
30 14
61 71
54 38
76 53
92 22
16 28
63 86
75 14
20 87
76 32
4 10
47 89
16 70
56 53
15 45
61 3
86 43
48 18
35 60
65 65
4 30
30 89
34 12
10 84
71 90
47 74
69 40
51 38
26 72
16 8
76 14
32 42
3 44
25 27
4 58
84 84
42 5
87 62
22 48
54 22
3 76
41 54
83 11
67 32
55 86
69 56
20 34
82 28
20 62
33 20
61 9
46 32
32 75
78 71
14 10
67 49
64 81
56 68
23 57
35 84
52 48
70 24
34 28
