107
38 67
70 11
78 39
96 39
12 52
32 52
86 8
8 63
44 28
49 90
22 70
9 6
24 31
88 54
25 6
98 83
41 3
49 25
25 12
43 87
90 30
78 89
64 97
17 86
57 76
57 5
14 21
50 48
70 26
71 71
94 58
42 42
13 45
86 91
97 21
47 63
61 36
26 85
40 22
92 12
52 71
73 99
84 61
48 0
78 48
79 78
32 80
14 4
97 31
94 51
64 74
82 36
55 34
29 4
82 16
21 49
53 83
71 35
33 16
39 52
34 99
0 22
13 95
7 69
2 42
58 54
24 66
28 30
0 6
74 0
61 8
96 4
87 96
98 64
6 35
11 79
68 49
75 64
37 74
64 90
54 17
35 47
20 27
73 21
41 92
89 3
57 61
11 60
43 98
20 42
64 32
42 67
26 58
52 40
80 41
41 13
62 83
82 23
10 70
55 23
22 17
20 34
64 41
23 77
11 40
61 46
75 41
