115
43 90
6 67
68 5
34 9
65 61
96 68
7 22
2 50
53 75
28 89
3 5
82 26
24 48
19 70
18 43
59 11
77 68
48 66
17 13
10 30
32 46
8 53
43 75
84 82
50 39
82 41
95 16
33 27
4 95
61 92
63 32
43 1
94 58
29 32
16 81
84 89
55 44
98 80
29 2
32 60
68 69
93 23
71 28
6 88
4 45
34 89
56 84
26 25
58 20
44 38
76 77
40 67
5 13
14 24
40 83
18 35
12 14
99 39
69 47
75 99
79 1
22 97
60 98
1 66
93 95
41 15
85 41
84 55
49 55
92 16
0 27
23 64
58 3
97 49
76 94
42 21
96 31
10 81
64 46
57 78
98 17
56 58
95 79
34 53
83 59
18 63
25 83
71 76
56 96
68 33
69 19
43 52
45 9
26 16
17 49
34 38
78 54
84 22
71 74
55 61
19 92
7 62
91 42
90 68
11 77
44 86
59 37
15 28
2 16
40 29
50 51
65 83
30 55
75 62
63 54
