113
49 13
72 94
18 3
2 55
75 8
42 91
3 18
65 80
81 65
36 56
38 31
90 41
10 68
26 90
23 38
56 37
33 63
17 96
93 28
76 21
15 54
60 15
57 47
65 70
83 91
31 39
97 74
73 50
7 86
97 2
0 41
16 74
21 8
98 64
7 12
50 1
82 0
58 66
28 82
84 59
73 30
60 85
44 61
42 33
22 96
8 53
62 41
29 67
76 15
92 50
34 86
76 81
84 47
95 99
35 6
15 26
45 76
55 99
29 20
46 17
0 25
70 55
68 1
1 90
90 76
22 52
75 35
89 27
50 53
15 29
61 99
99 54
13 99
91 90
40 38
33 21
61 62
26 0
43 87
20 80
45 55
92 33
76 71
24 42
61 5
84 9
52 28
86 85
28 14
8 90
42 9
24 75
68 33
84 68
21 59
27 96
67 86
68 48
15 44
52 62
7 23
74 12
44 7
56 76
48 47
86 24
38 24
70 80
24 67
29 49
47 39
29 27
17 91
