110
5 42
59 9
48 83
15 17
27 25
9 20
22 2
7 87
31 80
27 50
72 30
74 97
81 14
49 23
59 82
5 74
63 27
52 10
19 9
52 87
44 77
57 17
68 54
97 44
65 69
81 61
93 24
12 56
97 73
46 49
82 47
38 3
29 64
96 58
96 4
38 34
3 5
83 71
79 2
65 95
5 95
49 48
25 86
33 12
83 95
2 34
85 23
27 70
6 53
92 38
77 35
15 96
56 44
42 89
58 25
41 11
85 3
62 8
10 82
7 11
29 14
97 97
52 63
73 83
31 99
93 82
24 33
60 99
66 60
41 53
50 67
89 85
43 31
22 68
0 58
80 18
19 47
0 93
0 40
70 0
91 31
69 37
20 70
87 54
63 75
42 25
26 83
8 60
32 41
33 57
79 81
65 56
52 42
47 7
85 47
12 3
36 73
76 7
81 90
32 90
76 76
62 23
24 4
55 81
41 55
73 56
3 50
12 12
16 75
51 73
