106
55 71
71 25
17 23
6 75
63 91
90 34
35 67
80 20
35 79
74 82
18 41
34 12
68 7
94 57
5 93
35 96
54 3
49 84
15 3
7 39
25 59
50 75
91 2
67 56
75 42
55 18
37 36
0 4
99 19
53 52
81 64
7 56
28 25
15 79
76 85
35 41
68 98
4 31
82 69
68 2
21 65
17 95
82 47
51 17
59 94
13 25
55 68
1 85
39 59
5 66
41 93
41 28
84 31
47 6
19 56
50 27
83 39
41 82
54 10
56 86
41 70
92 79
84 97
99 94
97 51
30 4
49 44
85 1
66 59
84 16
65 38
3 14
19 81
3 37
50 50
71 9
21 43
97 10
77 99
92 85
44 0
21 80
67 74
95 36
55 26
35 50
40 14
19 18
89 71
64 53
68 12
34 56
77 61
6 42
18 65
35 31
68 44
52 67
60 0
6 78
31 72
81 75
77 47
57 17
23 49
11 33
