115
33 53
42 5
37 71
28 60
82 56
14 58
52 77
64 2
8 25
39 23
69 22
94 48
86 29
22 92
74 86
73 47
60 28
46 68
35 12
88 15
99 83
44 93
7 3
62 96
34 39
68 67
79 2
54 15
5 77
18 14
99 64
81 73
80 32
91 85
1 19
45 2
27 75
96 15
13 46
44 49
66 99
63 38
98 54
41 37
71 7
27 6
32 57
65 82
19 82
31 20
95 91
13 19
31 86
50 5
76 25
68 11
88 47
89 62
40 16
14 8
28 48
88 55
5 96
0 52
59 52
22 31
97 33
7 39
78 91
92 99
42 97
2 82
61 66
91 1
49 50
0 7
86 70
94 29
19 63
44 89
34 79
74 42
56 98
74 58
56 1
49 19
0 47
54 69
5 22
95 69
49 42
19 48
72 76
60 90
68 23
87 92
41 54
78 11
90 20
22 24
78 33
21 62
95 78
57 20
9 53
40 40
79 50
71 90
41 9
74 19
8 10
78 67
35 53
80 39
84 84
