117
2 52
13 37
87 86
87 70
15 7
36 29
39 9
72 75
53 4
52 44
49 86
34 46
77 34
85 49
10 82
43 71
7 8
41 94
4 29
27 33
16 45
79 81
87 15
70 97
23 62
75 5
8 66
30 84
57 27
58 74
38 52
95 49
56 52
71 66
73 16
80 52
56 98
46 17
61 4
96 89
42 66
69 91
62 37
93 40
79 19
38 47
42 15
43 92
3 38
4 57
5 73
88 95
52 69
46 29
32 37
83 87
50 47
34 20
74 42
52 38
46 56
99 23
22 97
17 22
0 94
28 0
94 69
26 80
18 94
88 0
1 4
67 0
95 55
98 98
18 48
34 2
21 14
2 79
24 76
66 54
89 9
67 89
98 75
54 83
74 27
2 88
14 1
77 66
84 99
56 13
5 54
71 48
18 40
35 80
91 21
67 96
18 76
9 96
37 61
50 98
56 60
8 8
22 25
83 38
40 85
36 16
25 7
19 80
78 12
2 44
84 58
84 79
49 10
41 35
61 51
33 88
49 79
