111
91 77
38 82
77 37
37 52
50 64
88 3
23 85
26 5
64 56
86 35
45 14
92 96
9 0
70 81
25 37
70 9
49 17
26 91
91 40
19 30
90 88
74 28
94 54
19 69
89 21
3 13
81 60
7 52
3 77
57 97
2 36
35 24
49 71
5 27
74 74
28 58
23 1
15 64
56 24
99 24
49 50
61 81
34 38
94 0
51 27
49 9
90 69
80 19
97 95
29 14
18 89
97 8
40 66
35 93
99 33
63 90
34 32
2 92
62 39
77 94
57 2
13 45
1 70
74 1
49 94
19 24
71 42
0 3
95 74
16 99
43 81
55 44
24 76
70 69
65 25
86 55
41 37
23 44
22 58
7 59
97 15
16 71
43 5
71 92
33 68
54 64
6 36
66 25
47 85
94 91
75 14
67 75
36 61
59 53
80 41
32 8
37 26
87 96
59 29
34 76
11 81
10 31
55 13
94 26
48 53
82 46
34 61
83 27
14 56
23 67
43 57
