105
39 51
25 49
52 33
2 31
39 85
21 26
83 93
89 44
24 93
26 4
96 65
51 72
3 78
11 15
66 63
79 17
45 68
11 80
81 10
82 50
33 8
17 47
3 5
27 59
48 82
65 9
4 57
72 37
97 10
56 48
68 97
30 74
97 94
18 64
62 18
82 86
44 24
33 99
91 72
23 31
83 31
73 65
49 95
44 59
96 53
7 41
57 8
86 24
34 79
64 46
16 29
79 45
65 53
92 88
24 42
86 8
13 57
98 33
63 81
9 96
51 2
38 23
0 71
64 96
66 78
17 9
37 25
19 92
82 98
72 32
96 87
98 25
72 3
80 66
97 48
3 12
40 1
42 50
54 42
8 83
77 83
31 39
17 98
55 68
12 62
31 70
6 29
80 2
41 95
63 92
35 9
81 82
6 58
70 59
72 29
48 63
94 18
45 78
67 14
14 23
84 16
28 89
32 60
78 94
39 74
