112
2 40
10 28
6 4
30 82
6 83
42 43
34 13
10 53
42 94
28 36
38 67
18 14
22 65
16 93
46 2
2 67
40 27
2 98
24 51
26 1
18 70
38 62
2 8
22 37
2 25
38 47
26 97
44 84
0 81
44 24
4 60
18 23
22 4
38 10
24 81
44 66
8 45
34 98
10 98
22 43
26 22
42 52
20 84
40 3
2 32
2 16
40 81
10 2
26 58
2 74
0 57
32 75
26 29
20 96
44 36
2 91
42 17
8 69
32 3
4 48
12 18
38 88
20 54
14 82
16 39
38 37
16 3
32 27
30 61
6 23
42 74
14 67
24 15
30 43
6 88
34 91
12 36
28 72
34 53
28 12
36 30
16 57
28 90
10 11
18 31
22 73
12 90
10 62
14 76
30 50
36 78
34 19
14 47
47 99
0 1
46 8
46 59
0 46
0 39
0 9
36 0
10 19
21 7
27 90
32 64
6 80
29 36
8 34
38 57
14 17
12 55
22 29
