111
48 50
72 12
6 56
57 74
76 27
54 96
25 56
26 73
12 4
48 14
74 61
10 85
78 10
51 46
34 48
24 84
2 59
70 28
84 14
16 61
60 2
86 73
13 26
42 69
97 90
81 90
0 32
34 24
34 96
11 99
28 1
90 49
90 32
61 92
67 60
8 10
94 9
34 16
17 35
77 87
61 32
33 33
4 41
91 74
52 74
53 55
83 62
73 50
74 4
50 89
2 51
17 52
70 97
78 31
61 67
39 14
14 66
56 44
83 22
58 56
22 15
4 80
99 25
55 30
76 45
72 76
98 65
88 0
17 99
54 15
98 83
90 41
30 58
3 1
35 38
8 20
29 81
43 71
2 87
3 36
70 43
18 31
59 5
87 55
75 83
34 4
34 55
18 85
92 7
46 27
87 92
63 14
17 10
14 96
63 83
94 60
20 50
73 0
91 23
79 69
85 47
83 86
61 41
6 45
44 35
6 26
48 60
24 65
69 90
18 20
16 57
