106
90 31
21 75
54 87
48 63
28 22
94 42
94 60
40 41
3 13
66 51
63 76
7 46
77 78
45 4
99 74
43 45
61 90
11 55
81 35
44 28
40 68
85 49
73 22
64 34
0 75
77 0
23 43
55 17
2 95
28 57
26 91
60 1
6 30
24 4
75 93
26 71
2 3
12 88
42 76
9 16
21 29
83 71
80 53
98 26
40 21
5 39
67 42
63 11
84 86
35 57
23 18
98 65
32 39
48 33
62 20
23 85
18 45
41 50
36 79
9 81
86 80
77 40
72 87
15 50
28 34
34 28
41 95
85 13
62 71
60 55
46 5
5 60
35 93
99 56
77 16
0 80
59 94
24 7
73 61
68 5
59 34
50 80
1 55
24 66
82 95
4 22
40 90
76 26
40 14
14 31
8 68
65 65
62 41
88 55
43 10
89 69
19 22
19 59
70 13
26 82
33 64
43 81
59 86
33 19
73 37
52 92
