118
43 87
3 87
39 22
8 98
63 4
9 18
3 47
50 49
78 26
64 24
22 76
93 59
88 16
44 72
6 39
12 28
71 17
60 90
92 82
26 92
36 46
52 35
26 6
18 48
27 35
59 76
14 63
78 94
64 46
95 3
87 41
96 97
41 17
62 68
84 63
40 66
85 78
81 6
20 2
31 55
99 50
66 37
35 37
85 31
85 55
36 23
3 96
1 21
66 82
95 66
15 12
54 73
51 27
89 5
9 47
91 87
39 56
29 29
55 87
26 48
81 14
2 3
48 1
99 28
0 65
29 89
67 1
46 99
72 99
15 78
34 0
71 53
76 67
14 62
21 92
4 82
56 21
38 72
99 80
13 32
51 4
56 54
40 86
61 40
77 69
21 75
83 46
3 6
75 89
0 39
76 32
54 97
65 18
94 33
57 62
24 15
41 37
34 99
25 62
77 72
40 51
11 2
30 76
55 35
21 45
61 7
7 88
83 85
17 49
62 71
74 14
47 68
79 54
82 29
26 87
37 29
68 22
81 84
