118
25 18
5 22
38 63
55 12
34 31
26 45
77 7
72 90
94 43
12 78
84 77
47 37
29 86
85 61
29 4
7 14
42 12
76 62
86 43
22 12
76 84
11 22
37 38
49 77
4 92
97 17
8 55
73 25
60 63
89 29
90 99
60 87
35 72
74 33
56 30
8 71
62 6
18 37
8 48
46 58
83 4
68 63
52 23
3 31
38 26
20 4
27 78
86 91
68 69
20 27
34 83
29 19
99 62
98 78
99 0
22 59
49 99
17 99
6 0
64 49
0 1
47 93
0 67
19 98
44 2
49 51
49 73
70 97
70 33
59 1
8 87
31 46
91 13
76 9
95 64
1 45
32 92
84 98
43 1
88 32
36 67
84 53
5 31
62 11
79 76
45 42
18 76
76 1
0 8
0 61
61 35
14 53
23 41
64 84
87 18
49 17
45 82
77 56
15 6
36 60
10 97
90 82
4 75
50 47
56 72
40 33
18 84
54 22
77 28
46 10
70 10
84 62
25 69
32 12
25 84
79 38
42 77
15 12
