107
78 92
83 66
41 72
64 38
22 16
25 50
38 79
3 37
4 66
10 85
38 34
88 5
70 54
89 21
3 14
77 74
84 29
27 19
1 74
75 96
36 76
33 40
15 72
88 70
42 85
86 50
62 12
9 50
58 80
47 20
46 48
51 97
20 34
64 67
97 47
74 26
69 7
59 34
32 92
27 62
43 15
55 55
4 28
91 79
86 11
67 93
17 15
94 25
83 95
86 56
61 63
36 14
60 44
40 29
10 9
18 27
35 68
75 59
46 78
29 32
46 0
98 97
18 97
27 2
13 1
20 75
99 83
99 67
98 3
0 22
59 8
22 57
42 62
1 86
80 34
58 30
24 84
62 88
38 0
39 48
91 84
77 6
5 67
83 43
39 93
12 46
16 89
97 62
63 3
65 27
19 68
48 44
31 18
79 69
45 21
43 43
25 46
74 84
42 65
33 90
91 86
9 58
57 23
69 64
48 35
27 67
33 54
