136
51 19
80 66
20 47
79 29
2 2
97 91
91 21
22 27
68 0
47 89
9 18
19 61
83 49
28 10
51 40
42 7
97 60
39 77
82 7
38 61
68 81
80 96
90 76
68 41
39 27
70 56
10 36
97 2
2 77
9 91
29 87
62 97
58 67
52 47
27 49
20 6
99 32
59 27
28 97
59 7
81 87
99 52
12 77
37 39
1 27
29 71
49 61
33 0
29 17
71 27
80 2
12 48
90 36
42 47
72 47
82 17
72 87
8 68
72 68
51 77
30 36
88 59
17 19
78 77
0 56
0 7
98 97
99 77
2 98
17 79
65 14
48 98
99 9
17 0
21 99
52 0
98 18
4 54
0 39
0 92
97 38
0 22
33 91
45 75
59 81
62 0
88 0
71 98
33 59
0 71
17 30
38 1
91 98
38 21
62 58
99 69
96 16
31 77
70 18
7 0
15 83
42 98
58 41
82 37
13 99
61 87
35 43
51 28
2 48
88 50
51 69
51 9
71 16
85 82
10 62
57 83
41 91
83 59
58 48
20 36
95 46
45 33
22 70
88 67
88 31
89 91
80 51
9 7
65 72
23 89
43 69
31 27
68 11
7 29
92 7
58 21
