105
2 35
0 3
0 21
0 45
0 12
2 30
49 8
12 80
80 18
17 40
30 2
15 62
17 10
70 88
70 32
18 25
49 42
30 72
72 72
28 55
72 50
13 95
28 90
70 2
95 42
30 17
2 70
49 27
30 33
0 88
7 50
28 95
27 50
78 32
25 72
70 57
15 3
77 1
0 63
70 17
80 42
12 55
3 95
70 78
15 18
49 18
8 75
22 5
27 80
22 45
28 25
20 93
8 0
20 67
28 10
28 40
10 33
2 55
70 42
5 18
0 78
18 85
28 65
23 0
15 47
3 39
13 70
25 32
7 5
8 90
10 23
28 85
23 15
27 60
7 60
17 30
8 85
18 35
7 65
18 75
7 45
20 52
10 13
23 20
96 16
92 2
72 97
49 3
95 34
49 37
95 7
89 47
88 20
71 64
78 5
68 27
69 9
33 45
2 80
3 26
14 89
2 10
22 60
22 81
8 41
