106
59 96
56 42
29 8
2 80
82 43
22 35
23 50
65 89
34 86
84 94
46 21
91 81
4 62
81 22
80 59
44 54
65 65
22 60
64 41
25 22
32 38
28 59
29 29
75 8
51 68
1 41
58 9
99 59
4 18
95 26
98 95
94 11
18 91
17 77
98 41
41 99
62 80
18 8
95 73
38 41
69 0
8 48
37 4
68 51
75 1
95 49
31 88
63 37
43 79
91 96
67 81
16 22
15 51
48 44
21 65
58 68
79 52
86 33
28 2
36 18
58 86
22 42
42 46
51 32
66 22
5 2
99 3
2 34
76 98
81 75
36 72
57 11
17 82
96 81
8 20
93 65
79 28
36 66
17 37
89 4
1 56
61 57
36 95
76 22
79 93
42 14
7 69
50 71
2 27
59 27
95 78
9 54
37 60
86 52
70 40
43 26
72 15
53 56
24 82
73 89
93 92
45 32
61 36
41 65
62 72
14 47
