88
22 23
28 45
16 20
6 7
45 6
91 8
10 14
39 78
59 46
74 26
46 38
36 28
9 30
67 43
39 14
30 26
34 42
22 6
14 44
97 97
97 28
89 73
34 96
80 80
2 43
20 40
3 6
14 29
49 62
58 76
22 87
89 44
3 58
35 60
93 3
84 55
34 74
53 85
86 17
17 76
66 78
49 16
44 52
68 52
40 29
87 28
18 50
61 53
29 41
6 16
33 55
32 23
16 35
16 17
14 21
24 30
63 10
91 68
72 68
45 0
64 5
36 93
15 93
72 21
97 2
0 31
38 0
86 84
72 63
97 73
88 59
8 0
51 24
99 20
84 8
36 69
44 73
33 9
53 53
2 40
0 22
17 49
48 10
31 12
43 48
41 38
45 15
8 8
