109
42 54
69 68
59 57
96 28
77 8
30 65
33 56
54 38
6 96
79 54
32 5
58 87
96 89
19 25
9 15
24 86
40 5
74 20
51 90
78 48
82 68
69 77
50 53
64 57
7 52
26 41
82 86
57 5
51 70
93 48
8 82
33 21
71 35
90 15
3 53
54 31
98 34
31 97
17 56
88 71
30 70
98 96
45 96
24 3
48 67
2 60
74 87
95 59
68 16
46 45
27 50
73 54
61 43
83 92
86 23
62 71
88 38
33 51
80 78
86 60
6 1
9 36
99 4
66 99
55 22
43 82
39 25
11 78
97 73
48 7
23 11
8 11
25 95
46 97
41 24
84 5
28 81
75 32
63 10
16 41
66 75
92 97
95 77
69 30
34 68
60 99
99 27
26 31
59 19
9 60
37 10
19 17
67 72
81 40
51 39
82 15
55 56
60 15
27 65
41 74
42 50
70 50
55 82
61 36
71 77
36 54
56 70
66 60
40 59
