108
81 39
37 14
65 25
1 31
97 70
15 34
9 80
67 98
64 41
17 5
86 19
41 84
92 93
22 55
33 97
70 8
30 33
13 66
1 75
32 7
49 10
9 45
90 33
58 53
74 23
95 82
91 41
73 65
22 86
55 67
83 2
71 82
1 58
13 20
46 43
83 95
39 21
49 2
36 78
96 59
82 62
54 25
56 80
78 47
99 96
23 93
53 64
25 40
92 75
65 92
90 24
27 6
16 85
46 70
57 34
87 48
68 56
83 14
27 86
3 97
98 1
2 11
36 58
64 7
21 21
75 80
45 89
1 33
3 49
26 54
60 97
39 63
75 82
2 83
94 4
46 25
80 65
98 28
83 97
38 43
96 50
39 94
55 11
15 30
72 42
24 49
91 83
96 65
84 4
41 0
20 99
61 83
38 21
64 35
57 0
68 19
50 34
19 13
13 48
78 6
50 72
63 49
25 28
82 57
38 92
78 59
86 71
26 13
