110
96 79
79 31
39 96
75 56
36 22
18 40
50 5
18 68
18 13
11 26
68 14
99 26
60 82
95 95
88 11
33 99
86 39
68 29
64 5
43 12
98 85
24 21
59 59
63 45
50 29
26 54
6 56
6 5
38 37
99 60
17 83
32 3
52 56
82 5
47 96
64 77
5 79
82 58
0 20
19 92
55 23
85 25
32 36
8 65
48 2
62 38
97 74
21 50
26 6
70 50
60 90
87 63
73 6
50 49
11 14
42 33
79 48
59 52
41 80
79 97
32 67
4 42
3 99
97 0
78 74
35 51
42 66
45 82
3 0
99 99
93 99
66 0
98 6
97 38
73 70
33 93
96 23
19 74
24 0
15 44
5 21
95 76
75 29
46 76
56 25
89 44
21 25
64 66
67 15
41 47
31 75
34 8
54 1
95 14
6 32
10 56
81 22
98 65
56 82
95 83
79 38
46 38
20 19
41 60
39 0
44 90
68 63
5 19
68 10
52 35
