105
54 51
77 57
5 20
42 65
81 5
96 82
46 37
85 62
89 80
91 5
57 16
24 51
18 73
9 88
83 21
45 81
48 13
38 34
64 46
70 9
18 60
87 53
77 64
78 10
30 84
2 51
28 21
78 39
73 85
96 97
13 41
11 4
35 5
62 63
48 83
3 93
75 24
14 23
27 35
74 71
60 36
51 2
36 70
35 20
46 29
90 18
90 84
10 67
55 59
91 66
63 12
9 79
5 31
74 45
36 15
90 91
63 5
63 55
76 33
44 72
25 29
57 99
24 99
40 95
60 95
1 5
98 53
0 68
18 6
96 28
30 57
64 85
8 95
38 94
89 1
48 52
61 21
76 25
99 57
75 76
31 42
10 49
54 82
16 87
4 74
48 45
96 71
47 6
0 88
50 23
44 93
77 2
68 50
15 18
27 67
51 67
82 90
19 33
29 15
64 30
69 61
36 86
53 94
40 26
30 23
