107
17 81
7 52
63 34
77 35
73 3
29 80
90 71
36 36
71 77
15 65
84 86
8 21
67 49
18 35
37 53
50 72
28 22
85 22
2 97
84 36
6 77
4 11
55 54
25 89
90 81
45 5
61 98
18 7
99 23
49 30
81 53
2 34
93 97
50 19
65 75
32 6
32 61
2 5
98 68
73 13
1 69
41 50
66 64
59 83
86 58
26 52
10 81
63 24
84 19
99 79
84 49
17 55
41 16
30 39
59 33
99 44
97 8
46 97
24 22
45 77
63 2
77 90
3 53
21 99
39 92
82 2
31 75
50 44
68 19
96 27
99 93
62 92
56 58
26 19
95 45
70 63
7 44
41 72
9 5
12 30
38 8
85 76
24 38
26 74
42 30
32 94
71 92
83 33
11 86
57 69
69 52
67 38
73 67
10 58
55 47
24 60
11 16
92 37
40 47
32 21
92 89
64 29
60 77
53 40
42 55
77 22
31 46
