109
10 51
12 73
76 83
90 90
59 65
80 11
24 97
41 90
17 37
13 7
89 40
3 94
65 34
92 70
14 56
41 96
80 32
24 7
64 22
9 33
26 41
6 43
27 81
93 26
39 25
57 98
47 12
95 5
53 52
77 52
77 97
39 47
51 77
0 1
18 98
81 58
66 78
46 28
39 4
7 21
2 65
72 99
5 86
82 83
91 12
51 16
1 8
63 56
54 70
1 35
30 31
36 82
74 38
50 85
64 95
12 66
20 90
33 99
48 6
97 14
56 23
85 50
16 27
69 32
41 20
39 63
69 1
99 63
93 95
28 57
98 44
77 15
53 46
70 74
99 87
30 8
99 67
84 69
78 0
24 24
86 26
45 34
82 66
7 5
42 58
21 80
63 50
10 19
99 19
17 66
78 20
87 0
11 81
50 92
60 29
91 31
32 23
62 57
72 7
24 35
76 89
19 13
35 88
6 7
14 95
88 65
41 87
87 8
84 23
