109
51 30
88 1
57 13
80 18
60 86
66 64
27 7
26 90
44 66
80 36
25 39
3 79
17 57
73 93
87 73
42 26
48 57
58 71
56 7
17 98
18 30
43 33
75 74
51 24
63 50
0 47
41 12
88 50
18 72
93 94
51 91
33 61
14 48
31 84
5 89
15 10
56 44
72 99
77 22
27 69
8 60
18 22
36 5
63 29
91 41
84 8
84 83
60 80
71 42
38 49
20 47
64 97
74 68
50 38
68 82
44 19
42 57
57 62
99 59
3 25
70 1
92 27
98 14
0 99
97 89
44 76
98 75
0 41
41 95
85 54
99 0
0 72
78 99
75 42
27 19
71 16
27 2
14 13
32 36
44 72
9 83
97 45
94 66
13 64
81 60
85 22
45 89
33 53
17 80
7 41
29 20
52 47
31 81
68 10
68 52
83 90
64 78
16 38
59 34
17 54
62 7
85 59
32 23
73 50
35 64
76 8
86 44
15 40
55 76
