116
3 69
77 48
5 33
35 7
72 9
50 67
54 51
40 30
80 81
60 81
17 91
49 53
86 50
71 38
9 65
60 94
52 32
85 44
50 41
66 50
28 22
57 5
9 11
23 76
92 11
87 68
70 67
16 49
19 34
33 66
52 6
97 2
82 90
69 28
44 20
38 52
1 11
2 79
27 96
92 72
10 0
11 47
66 86
60 1
96 43
7 88
89 86
41 41
91 53
34 17
66 43
63 29
45 2
84 72
56 61
39 25
62 70
50 46
45 13
86 30
41 83
25 0
70 13
0 48
3 34
39 87
21 74
51 98
30 51
99 58
99 36
83 27
78 1
24 36
92 0
21 19
0 52
25 90
3 13
95 94
3 29
36 64
97 79
58 19
48 73
13 89
95 13
57 84
74 83
86 98
35 46
3 63
30 6
70 63
14 54
25 20
31 61
76 60
1 19
94 31
77 30
19 38
54 26
52 58
83 6
38 7
56 12
76 76
2 43
64 37
67 72
61 10
37 56
42 59
13 39
46 51
