113
71 43
74 22
14 5
32 15
35 97
12 56
92 71
29 68
21 24
13 41
59 31
72 92
27 37
39 53
91 23
46 1
84 2
26 93
37 69
78 45
28 8
97 23
38 92
71 29
40 60
59 86
0 65
43 34
78 69
92 37
65 56
16 74
55 17
58 69
71 8
13 99
87 57
12 9
50 83
99 42
14 84
80 80
64 70
3 45
47 20
35 10
73 3
51 36
63 47
44 70
66 84
17 33
15 68
18 14
70 40
51 74
71 53
51 26
98 94
75 99
99 79
92 2
26 52
88 92
98 58
6 85
2 14
57 10
43 99
2 39
93 16
36 83
55 45
11 0
37 33
71 23
0 61
90 53
61 98
67 0
78 62
29 50
61 63
25 98
89 9
31 76
26 22
57 49
87 29
24 47
20 84
1 50
98 50
41 26
47 94
78 44
10 70
59 84
93 65
47 10
51 63
20 36
57 21
79 9
44 85
84 49
56 41
30 91
26 72
71 62
21 8
65 35
69 51
