114
95 30
59 46
47 66
71 54
76 35
47 19
92 56
74 4
19 62
28 88
96 98
55 32
75 70
23 15
85 59
56 55
63 2
55 37
49 30
8 27
1 93
89 7
15 40
32 53
69 83
48 88
34 5
35 36
20 1
33 68
94 74
14 86
7 71
61 69
68 92
5 20
54 91
68 25
6 46
42 49
33 29
95 35
47 15
90 21
26 49
35 96
42 74
60 76
76 79
71 11
5 79
32 19
6 62
22 63
98 16
51 98
46 52
76 63
65 48
77 91
58 61
52 80
84 28
41 38
68 64
45 60
6 5
48 1
82 95
99 60
16 97
93 84
80 42
70 20
55 2
15 32
1 30
96 8
3 57
21 78
18 15
30 96
82 1
56 16
0 24
17 61
6 86
89 70
22 29
89 44
9 10
75 49
84 17
38 88
90 54
19 96
41 14
62 38
58 94
80 73
27 72
29 29
69 10
18 54
50 74
47 44
72 40
79 81
33 58
18 70
61 53
75 19
79 49
59 85
