110
10 52
33 6
12 34
30 85
84 28
76 82
2 53
85 66
70 42
35 33
91 92
71 4
94 53
25 23
60 53
76 64
71 27
85 19
70 78
90 77
73 95
12 77
29 64
4 15
56 8
0 0
57 70
48 90
43 67
15 92
13 67
89 7
0 33
88 43
44 81
13 9
75 49
43 36
32 96
53 19
96 95
19 39
40 7
63 76
0 23
5 71
65 3
24 4
31 28
90 57
34 65
69 12
80 88
36 93
59 65
20 67
18 86
80 58
76 16
7 60
26 88
98 32
1 89
41 50
52 39
50 97
67 94
68 28
95 8
99 72
49 35
40 12
79 0
14 32
83 36
21 52
12 15
50 2
97 22
99 46
56 43
50 88
19 4
81 99
0 7
39 22
70 63
20 18
38 3
0 15
92 22
67 22
33 91
83 72
90 85
20 72
58 80
11 42
75 99
59 39
57 5
77 78
36 81
16 24
82 22
72 27
64 72
76 93
74 92
72 75
