103
53 40
51 21
47 78
81 3
49 94
5 39
21 40
7 22
36 21
32 77
64 76
31 95
83 39
64 95
19 5
36 57
93 77
81 22
78 96
36 6
79 76
66 4
94 94
51 5
81 57
36 40
66 56
6 57
67 21
4 4
67 39
51 57
21 56
21 21
15 96
97 78
19 0
30 71
0 18
0 0
80 99
33 2
8 62
82 62
47 73
34 99
97 96
19 36
50 92
0 35
62 74
84 25
64 99
50 0
52 26
37 26
80 0
67 60
65 0
49 46
82 77
31 56
75 36
0 53
14 20
34 7
35 35
52 61
80 92
50 98
99 92
61 37
35 92
19 42
65 90
59 19
75 20
77 43
18 7
0 42
24 65
1 8
29 21
78 72
93 72
34 42
49 7
45 57
10 25
63 44
45 22
41 78
76 57
77 8
12 56
56 77
62 58
63 9
38 64
22 26
69 25
70 76
49 37
