115
39 52
23 44
76 35
58 76
32 81
10 94
68 88
11 74
91 63
7 57
71 1
13 20
87 26
95 4
47 20
31 15
85 11
19 91
1 70
72 81
12 83
63 82
79 97
94 46
60 50
80 53
97 80
26 62
47 4
62 36
46 34
50 89
11 5
28 30
49 62
91 94
7 21
41 2
29 12
85 67
99 36
58 16
53 47
93 87
0 87
14 28
54 20
18 60
40 63
82 22
32 49
55 68
33 68
85 91
49 41
8 10
19 37
12 64
6 77
52 11
44 45
71 64
0 56
24 95
99 61
27 0
55 96
76 39
67 4
16 45
66 58
65 99
98 43
99 76
40 90
28 77
61 22
80 77
33 27
91 8
63 1
77 49
97 99
96 29
81 8
33 0
44 80
9 48
15 9
66 29
42 28
93 47
77 67
83 97
28 26
99 82
12 30
73 11
66 50
53 2
79 81
40 68
19 65
91 11
35 44
85 59
58 46
52 59
41 20
30 52
94 73
16 23
80 59
43 10
85 88
