109
78 84
64 59
37 62
35 45
97 24
88 90
71 87
84 15
55 77
27 86
2 54
2 27
91 66
80 1
61 23
56 86
24 43
17 85
56 60
5 65
50 63
47 24
33 29
7 96
64 39
98 6
3 79
48 98
94 48
77 65
9 13
22 5
49 10
94 97
32 90
98 74
77 20
17 74
70 2
36 75
12 38
47 49
25 29
15 66
71 60
87 1
82 77
68 19
52 79
28 50
13 6
59 32
87 61
22 90
65 57
39 69
68 84
9 72
91 82
91 7
13 80
65 67
58 66
78 40
35 13
60 1
2 97
13 52
89 29
19 24
98 40
74 46
3 36
42 97
62 4
3 17
0 83
58 97
38 38
29 59
97 79
16 99
56 38
34 18
28 60
53 16
98 57
92 21
51 2
86 36
74 91
5 55
50 84
17 46
34 78
82 59
71 35
38 44
83 95
73 5
83 22
77 73
57 52
87 7
58 81
48 84
21 57
68 78
81 11
