103
49 37
27 35
28 65
6 28
28 12
7 57
49 61
48 0
7 8
28 50
50 21
7 72
8 42
27 28
28 7
7 23
28 79
7 1
49 55
49 40
49 72
48 7
29 42
6 49
28 56
28 2
8 63
28 72
49 15
29 21
7 16
8 35
49 30
49 51
67 67
44 70
0 3
23 79
58 72
43 1
58 1
0 72
14 1
58 26
22 58
35 50
11 42
57 42
1 21
54 56
35 34
35 16
21 22
0 51
14 70
58 19
33 79
19 0
15 20
43 34
34 1
0 29
43 65
1 57
22 43
42 15
0 5
57 5
57 37
22 27
14 63
42 48
14 4
2 43
0 66
58 51
35 65
57 16
1 14
41 20
0 36
21 48
21 7
41 30
21 64
57 63
42 5
35 71
44 54
23 34
20 72
35 19
15 49
21 15
35 43
14 35
33 5
34 57
15 56
12 15
43 40
13 30
37 27
