115
74 78
82 8
9 63
57 79
71 30
57 18
28 71
32 58
25 25
44 90
13 80
22 8
53 58
85 33
83 3
70 10
12 59
56 86
54 68
40 28
56 39
73 55
0 93
7 19
15 44
0 46
96 12
86 94
92 47
95 81
10 0
30 85
88 64
71 83
42 94
95 28
62 94
47 13
82 18
48 51
68 24
96 21
65 38
10 87
46 68
85 78
60 71
18 64
63 18
67 63
77 13
46 80
7 51
54 93
77 25
19 98
33 43
1 32
36 1
52 4
77 52
67 1
4 18
93 98
19 39
79 95
97 7
42 32
98 67
0 77
1 4
14 94
37 17
40 46
92 51
20 0
19 22
32 65
84 39
42 76
56 35
74 69
1 38
70 38
2 60
46 3
93 27
0 89
69 92
24 90
94 90
38 61
28 50
95 0
52 18
80 78
89 56
33 91
4 10
32 29
11 35
51 44
0 52
6 72
92 36
63 8
35 35
86 49
66 38
86 11
81 84
80 36
48 41
72 19
84 90
