126
47 12
81 8
60 5
74 39
35 20
43 41
8 13
84 70
8 91
23 8
31 33
73 12
46 4
63 12
30 7
58 85
85 93
80 56
63 67
11 41
22 61
45 68
57 43
71 79
88 43
94 80
24 78
52 29
19 22
1 3
9 46
16 91
89 8
28 43
91 66
71 55
2 20
97 48
17 1
93 90
72 19
41 18
52 78
24 32
95 71
10 2
68 2
55 21
87 52
66 77
76 14
37 6
27 17
55 9
83 83
15 12
1 61
41 96
38 81
57 99
98 20
8 74
39 55
84 29
55 50
2 28
99 5
24 95
99 96
0 95
68 33
2 78
15 60
26 47
99 62
32 76
16 74
45 63
0 51
90 33
41 89
65 93
0 70
58 36
40 39
92 2
19 29
30 68
32 0
7 38
63 58
88 36
14 98
74 34
77 63
90 16
79 89
14 67
95 51
50 92
64 0
36 90
60 70
42 49
38 26
37 71
65 23
95 9
16 29
47 1
49 82
9 6
41 22
20 44
16 82
83 22
35 47
50 44
58 14
19 47
73 69
63 79
12 16
82 12
26 27
66 6
