108
12 18
57 62
75 10
82 99
32 37
75 43
37 10
18 56
2 8
64 26
25 24
32 62
35 76
9 42
87 18
79 80
23 74
42 58
65 6
78 90
34 17
13 52
63 17
44 29
48 43
4 68
97 48
47 0
23 0
3 82
52 76
47 95
8 98
88 3
76 66
97 23
82 33
70 50
9 22
42 90
1 63
16 3
3 35
75 95
31 81
33 2
66 66
42 47
80 57
39 31
16 70
27 53
53 90
70 80
86 26
17 18
73 32
42 66
21 67
14 28
76 24
96 89
25 96
91 66
93 85
10 83
92 44
61 93
23 39
59 31
48 20
71 46
57 4
97 39
96 80
74 1
40 96
50 75
89 11
5 49
0 86
0 11
43 15
31 1
68 98
41 51
60 45
31 77
64 84
39 93
17 8
93 23
24 31
75 17
9 75
46 53
82 93
67 60
54 82
63 35
40 25
36 82
44 11
9 7
29 9
37 58
74 87
48 82
