120
64 35
92 8
34 48
57 61
9 62
3 38
5 5
78 15
44 23
35 65
33 86
69 49
49 40
34 12
97 29
62 97
44 69
9 39
88 36
61 24
39 42
87 15
37 56
81 93
98 68
0 98
25 37
45 94
52 11
56 83
12 88
97 86
21 4
75 91
4 25
84 1
32 80
94 60
26 96
75 47
58 68
7 71
96 43
26 18
33 3
49 80
67 20
47 19
5 87
10 12
98 21
81 23
55 97
63 12
53 59
74 21
51 28
46 62
75 63
84 76
21 73
66 4
36 28
5 57
89 57
63 83
99 5
3 53
3 11
70 0
19 98
17 36
89 81
79 97
91 42
25 0
41 93
17 19
25 59
73 35
55 0
5 90
89 80
75 56
3 32
90 62
1 68
16 76
33 34
38 49
19 91
22 45
28 99
8 47
95 67
65 94
72 41
47 84
60 29
30 72
99 37
58 75
4 29
84 9
58 9
43 15
14 2
24 14
90 26
82 42
89 90
98 74
27 86
38 19
13 27
83 50
42 33
71 18
69 32
74 7
