108
89 52
58 35
13 6
11 22
92 22
29 92
35 65
36 28
87 85
1 79
79 68
43 85
22 71
65 60
74 18
91 3
21 6
73 54
58 27
93 35
29 72
87 14
9 12
98 74
28 46
66 6
47 54
60 90
7 94
13 60
72 33
49 68
39 7
74 98
1 32
27 53
20 31
99 5
89 86
96 51
56 10
97 65
59 73
52 25
83 34
66 92
3 66
37 92
20 79
62 46
29 22
98 40
68 18
88 71
89 28
98 87
21 64
84 44
31 77
97 10
40 74
85 59
48 45
97 98
73 81
5 39
21 96
68 1
44 99
46 0
4 85
37 23
59 99
32 2
43 41
83 4
65 66
15 36
21 93
15 74
73 48
21 23
49 14
12 2
44 68
73 15
77 75
66 32
98 49
29 37
19 57
43 60
67 98
13 92
51 94
78 40
15 20
81 66
88 20
68 52
33 14
47 61
28 57
8 30
67 23
29 84
88 66
30 69
