112
28 64
59 91
2 56
89 62
42 91
64 68
48 87
45 18
17 13
68 43
23 85
34 46
98 19
72 14
83 90
49 32
62 21
32 22
17 74
6 46
48 78
42 8
5 10
66 60
78 66
56 82
42 25
97 83
52 55
60 6
4 32
25 41
99 14
38 67
64 28
42 45
98 68
70 79
80 7
76 46
33 78
46 61
10 56
1 22
23 16
48 97
62 52
20 62
21 78
71 27
39 84
60 58
60 35
44 52
71 67
64 78
98 49
1 75
29 2
91 35
3 89
17 98
59 1
8 1
85 96
86 20
99 88
23 35
89 38
67 96
84 76
45 2
29 98
3 82
0 38
6 61
81 25
83 52
71 82
98 40
58 11
9 17
91 76
47 70
20 50
19 88
86 92
60 42
27 24
35 8
99 23
56 99
21 55
84 39
24 92
51 31
36 60
35 31
48 47
87 67
36 76
58 21
75 58
95 81
82 87
29 78
53 94
73 52
61 62
43 75
60 45
72 73
