112
4 32
69 89
20 50
93 55
12 11
69 7
40 77
53 70
31 7
39 21
97 94
80 28
42 91
65 45
60 98
31 49
9 48
87 63
79 82
37 91
32 16
96 60
92 36
1 78
21 33
83 99
72 65
97 12
43 38
12 63
45 52
14 17
67 31
35 67
23 2
11 85
4 3
65 1
58 76
57 61
71 45
70 17
87 84
35 24
8 69
77 58
20 27
37 39
56 84
59 37
9 41
6 24
74 95
76 7
39 83
36 54
77 68
2 43
44 26
62 65
64 10
86 72
51 78
48 0
20 96
18 79
88 15
98 4
90 41
1 2
98 27
50 9
55 23
86 42
34 97
93 99
94 79
1 73
25 73
9 91
0 57
20 59
45 8
50 56
53 37
71 82
22 5
60 91
87 22
93 76
70 51
65 24
0 16
41 68
35 40
29 21
6 30
17 12
53 20
86 49
27 79
88 82
38 10
29 37
80 62
56 13
77 21
72 54
13 26
49 60
34 73
58 31
