110
57 91
64 7
52 76
86 55
17 14
69 68
17 70
73 90
95 3
71 76
90 80
84 32
57 40
70 54
71 23
78 6
86 75
91 24
55 85
67 16
91 13
70 62
76 65
51 13
27 14
11 13
95 53
56 31
57 48
97 86
19 63
14 78
89 40
71 47
95 18
59 2
60 98
97 62
57 70
77 26
70 84
14 22
82 12
14 6
90 32
83 61
63 30
96 9
68 93
95 74
85 37
62 22
86 1
65 63
83 73
61 87
27 44
34 0
35 26
87 98
0 31
1 0
47 60
19 56
38 48
23 84
29 28
14 29
0 14
28 0
0 23
19 0
7 72
10 57
13 85
82 94
35 41
26 70
97 45
4 0
54 8
35 9
97 26
20 28
74 40
34 23
48 93
57 36
53 22
6 27
76 98
89 58
54 77
25 77
0 5
79 41
12 60
97 17
87 79
60 56
14 1
66 48
87 87
21 6
21 23
85 64
66 77
85 26
84 51
83 21
