101
78 49
61 59
21 54
47 20
89 68
80 92
29 79
31 56
33 49
47 77
10 37
34 35
75 75
77 14
3 53
85 32
15 4
46 63
93 79
55 16
91 93
30 89
25 72
50 84
56 48
36 63
99 44
27 14
46 4
63 94
12 88
92 8
59 33
75 34
4 39
44 34
76 59
84 47
92 59
69 72
37 94
24 38
65 19
10 30
52 93
15 80
43 48
84 3
63 42
97 74
56 63
96 36
56 89
78 73
33 80
25 61
52 27
22 90
75 69
42 91
29 45
46 56
30 70
2 10
11 65
32 0
18 1
94 98
27 21
99 28
79 0
4 24
92 15
40 3
98 54
23 16
23 97
82 89
7 56
70 14
40 6
45 26
78 26
96 88
18 35
0 47
55 74
77 44
98 51
37 21
24 2
71 80
64 27
61 70
39 77
38 41
24 76
80 68
36 89
42 68
56 81
